{"/home/travis/build/npmtest/node-npmtest-fetch-mock/test.js":{"path":"/home/travis/build/npmtest/node-npmtest-fetch-mock/test.js","s":{"1":2,"2":2,"3":2,"4":2,"5":2,"6":2,"7":2,"8":1,"9":2,"10":2,"11":1,"12":1,"13":1,"14":1,"15":2,"16":2,"17":2,"18":2,"19":1,"20":1,"21":2,"22":2,"23":2,"24":1,"25":1,"26":1,"27":1,"28":1,"29":1,"30":1,"31":1,"32":1,"33":1,"34":1,"35":1,"36":1,"37":1,"38":1,"39":2,"40":2,"41":1,"42":2,"43":2,"44":1,"45":2,"46":2,"47":1,"48":2,"49":2,"50":1,"51":1,"52":1,"53":1,"54":1},"b":{"1":[2,1,1,1],"2":[1,1,1,1],"3":[1,1],"4":[1,1],"5":[1,1],"6":[1,1],"7":[1,1],"8":[1,1],"9":[1,1],"10":[1,1,1],"11":[1,1],"12":[1,1],"13":[1,1],"14":[1,1],"15":[1,1],"16":[1,1],"17":[1,1]},"f":{"1":2,"2":2,"3":2,"4":2,"5":2,"6":1,"7":1,"8":1,"9":2,"10":2,"11":2,"12":2,"13":1},"fnMap":{"1":{"name":"(anonymous_1)","line":12,"loc":{"start":{"line":12,"column":1},"end":{"line":12,"column":13}}},"2":{"name":"(anonymous_2)","line":19,"loc":{"start":{"line":19,"column":5},"end":{"line":19,"column":17}}},"3":{"name":"(anonymous_3)","line":23,"loc":{"start":{"line":23,"column":24},"end":{"line":23,"column":36}}},"4":{"name":"(anonymous_4)","line":61,"loc":{"start":{"line":61,"column":5},"end":{"line":61,"column":17}}},"5":{"name":"(anonymous_5)","line":82,"loc":{"start":{"line":82,"column":5},"end":{"line":82,"column":17}}},"6":{"name":"(anonymous_6)","line":91,"loc":{"start":{"line":91,"column":77},"end":{"line":94,"column":10}}},"7":{"name":"(anonymous_7)","line":112,"loc":{"start":{"line":112,"column":83},"end":{"line":115,"column":10}},"skip":true},"8":{"name":"(anonymous_8)","line":123,"loc":{"start":{"line":123,"column":77},"end":{"line":126,"column":10}},"skip":true},"9":{"name":"(anonymous_9)","line":139,"loc":{"start":{"line":139,"column":12},"end":{"line":139,"column":40}},"skip":true},"10":{"name":"(anonymous_10)","line":147,"loc":{"start":{"line":147,"column":77},"end":{"line":150,"column":10}},"skip":true},"11":{"name":"(anonymous_11)","line":158,"loc":{"start":{"line":158,"column":83},"end":{"line":161,"column":10}},"skip":true},"12":{"name":"(anonymous_12)","line":169,"loc":{"start":{"line":169,"column":79},"end":{"line":172,"column":10}},"skip":true},"13":{"name":"(anonymous_13)","line":180,"loc":{"start":{"line":180,"column":75},"end":{"line":183,"column":10}},"skip":true}},"statementMap":{"1":{"start":{"line":12,"column":0},"end":{"line":195,"column":5}},"2":{"start":{"line":14,"column":4},"end":{"line":14,"column":14}},"3":{"start":{"line":19,"column":4},"end":{"line":56,"column":9}},"4":{"start":{"line":21,"column":8},"end":{"line":21,"column":19}},"5":{"start":{"line":23,"column":8},"end":{"line":35,"column":13}},"6":{"start":{"line":24,"column":12},"end":{"line":34,"column":13}},"7":{"start":{"line":25,"column":16},"end":{"line":28,"column":30}},"8":{"start":{"line":30,"column":16},"end":{"line":33,"column":27}},"9":{"start":{"line":37,"column":8},"end":{"line":39,"column":21}},"10":{"start":{"line":40,"column":8},"end":{"line":53,"column":9}},"11":{"start":{"line":43,"column":12},"end":{"line":46,"column":14}},"12":{"start":{"line":47,"column":12},"end":{"line":47,"column":18}},"13":{"start":{"line":50,"column":12},"end":{"line":51,"column":46}},"14":{"start":{"line":52,"column":12},"end":{"line":52,"column":18}},"15":{"start":{"line":55,"column":8},"end":{"line":55,"column":35}},"16":{"start":{"line":61,"column":4},"end":{"line":63,"column":9}},"17":{"start":{"line":62,"column":8},"end":{"line":62,"column":15}},"18":{"start":{"line":64,"column":4},"end":{"line":77,"column":5}},"19":{"start":{"line":70,"column":8},"end":{"line":70,"column":14}},"20":{"start":{"line":76,"column":8},"end":{"line":76,"column":14}},"21":{"start":{"line":82,"column":4},"end":{"line":84,"column":9}},"22":{"start":{"line":83,"column":8},"end":{"line":83,"column":15}},"23":{"start":{"line":85,"column":4},"end":{"line":194,"column":5}},"24":{"start":{"line":91,"column":8},"end":{"line":99,"column":10}},"25":{"start":{"line":98,"column":12},"end":{"line":98,"column":35}},"26":{"start":{"line":102,"column":8},"end":{"line":104,"column":63}},"27":{"start":{"line":105,"column":8},"end":{"line":105,"column":14}},"28":{"start":{"line":112,"column":8},"end":{"line":121,"column":10},"skip":true},"29":{"start":{"line":119,"column":12},"end":{"line":119,"column":55},"skip":true},"30":{"start":{"line":120,"column":12},"end":{"line":120,"column":48},"skip":true},"31":{"start":{"line":123,"column":8},"end":{"line":136,"column":10},"skip":true},"32":{"start":{"line":130,"column":12},"end":{"line":130,"column":76},"skip":true},"33":{"start":{"line":131,"column":12},"end":{"line":131,"column":73},"skip":true},"34":{"start":{"line":132,"column":12},"end":{"line":132,"column":74},"skip":true},"35":{"start":{"line":133,"column":12},"end":{"line":133,"column":79},"skip":true},"36":{"start":{"line":134,"column":12},"end":{"line":134,"column":25},"skip":true},"37":{"start":{"line":135,"column":12},"end":{"line":135,"column":45},"skip":true},"38":{"start":{"line":138,"column":8},"end":{"line":145,"column":14},"skip":true},"39":{"start":{"line":143,"column":16},"end":{"line":143,"column":29},"skip":true},"40":{"start":{"line":144,"column":16},"end":{"line":144,"column":55},"skip":true},"41":{"start":{"line":147,"column":8},"end":{"line":156,"column":10},"skip":true},"42":{"start":{"line":154,"column":12},"end":{"line":154,"column":25},"skip":true},"43":{"start":{"line":155,"column":12},"end":{"line":155,"column":45},"skip":true},"44":{"start":{"line":158,"column":8},"end":{"line":167,"column":10},"skip":true},"45":{"start":{"line":165,"column":12},"end":{"line":165,"column":25},"skip":true},"46":{"start":{"line":166,"column":12},"end":{"line":166,"column":48},"skip":true},"47":{"start":{"line":169,"column":8},"end":{"line":178,"column":10},"skip":true},"48":{"start":{"line":176,"column":12},"end":{"line":176,"column":25},"skip":true},"49":{"start":{"line":177,"column":12},"end":{"line":177,"column":46},"skip":true},"50":{"start":{"line":180,"column":8},"end":{"line":189,"column":10},"skip":true},"51":{"start":{"line":187,"column":12},"end":{"line":187,"column":94},"skip":true},"52":{"start":{"line":188,"column":12},"end":{"line":188,"column":48},"skip":true},"53":{"start":{"line":192,"column":8},"end":{"line":192,"column":35},"skip":true},"54":{"start":{"line":193,"column":8},"end":{"line":193,"column":14},"skip":true}},"branchMap":{"1":{"line":25,"type":"binary-expr","locations":[{"start":{"line":25,"column":23},"end":{"line":25,"column":62}},{"start":{"line":26,"column":20},"end":{"line":26,"column":70}},{"start":{"line":27,"column":20},"end":{"line":27,"column":71}},{"start":{"line":28,"column":20},"end":{"line":28,"column":29}}]},"2":{"line":30,"type":"binary-expr","locations":[{"start":{"line":30,"column":23},"end":{"line":30,"column":37}},{"start":{"line":31,"column":20},"end":{"line":31,"column":61}},{"start":{"line":32,"column":20},"end":{"line":32,"column":70}},{"start":{"line":33,"column":20},"end":{"line":33,"column":26}}]},"3":{"line":37,"type":"cond-expr","locations":[{"start":{"line":38,"column":14},"end":{"line":38,"column":20}},{"start":{"line":39,"column":14},"end":{"line":39,"column":20}}]},"4":{"line":40,"type":"switch","locations":[{"start":{"line":42,"column":8},"end":{"line":47,"column":18}},{"start":{"line":49,"column":8},"end":{"line":52,"column":18}}]},"5":{"line":44,"type":"binary-expr","locations":[{"start":{"line":44,"column":16},"end":{"line":44,"column":44}},{"start":{"line":44,"column":48},"end":{"line":44,"column":66}}]},"6":{"line":50,"type":"binary-expr","locations":[{"start":{"line":50,"column":21},"end":{"line":50,"column":49}},{"start":{"line":50,"column":53},"end":{"line":50,"column":72}}]},"7":{"line":64,"type":"switch","locations":[{"start":{"line":69,"column":4},"end":{"line":70,"column":14}},{"start":{"line":75,"column":4},"end":{"line":76,"column":14}}]},"8":{"line":85,"type":"switch","locations":[{"start":{"line":90,"column":4},"end":{"line":105,"column":14}},{"start":{"line":111,"column":4},"end":{"line":193,"column":14},"skip":true}]},"9":{"line":91,"type":"binary-expr","locations":[{"start":{"line":91,"column":42},"end":{"line":91,"column":73}},{"start":{"line":91,"column":77},"end":{"line":99,"column":9}}]},"10":{"line":102,"type":"binary-expr","locations":[{"start":{"line":102,"column":18},"end":{"line":102,"column":32}},{"start":{"line":103,"column":12},"end":{"line":103,"column":53}},{"start":{"line":104,"column":12},"end":{"line":104,"column":61}}]},"11":{"line":112,"type":"binary-expr","locations":[{"start":{"line":112,"column":45},"end":{"line":112,"column":79},"skip":true},{"start":{"line":112,"column":83},"end":{"line":121,"column":9},"skip":true}]},"12":{"line":123,"type":"binary-expr","locations":[{"start":{"line":123,"column":42},"end":{"line":123,"column":73},"skip":true},{"start":{"line":123,"column":77},"end":{"line":136,"column":9},"skip":true}]},"13":{"line":138,"type":"binary-expr","locations":[{"start":{"line":138,"column":48},"end":{"line":138,"column":85},"skip":true},{"start":{"line":139,"column":12},"end":{"line":145,"column":13},"skip":true}]},"14":{"line":147,"type":"binary-expr","locations":[{"start":{"line":147,"column":42},"end":{"line":147,"column":73},"skip":true},{"start":{"line":147,"column":77},"end":{"line":156,"column":9},"skip":true}]},"15":{"line":158,"type":"binary-expr","locations":[{"start":{"line":158,"column":45},"end":{"line":158,"column":79},"skip":true},{"start":{"line":158,"column":83},"end":{"line":167,"column":9},"skip":true}]},"16":{"line":169,"type":"binary-expr","locations":[{"start":{"line":169,"column":43},"end":{"line":169,"column":75},"skip":true},{"start":{"line":169,"column":79},"end":{"line":178,"column":9},"skip":true}]},"17":{"line":180,"type":"binary-expr","locations":[{"start":{"line":180,"column":41},"end":{"line":180,"column":71},"skip":true},{"start":{"line":180,"column":75},"end":{"line":189,"column":9},"skip":true}]}},"code":["/* istanbul instrument in package npmtest_fetch_mock */","/*jslint","    bitwise: true,","    browser: true,","    maxerr: 8,","    maxlen: 96,","    node: true,","    nomen: true,","    regexp: true,","    stupid: true","*/","(function () {","    'use strict';","    var local;","","","","    // run shared js-env code - pre-init","    (function () {","        // init local","        local = {};","        // init modeJs","        local.modeJs = (function () {","            try {","                return typeof navigator.userAgent === 'string' &&","                    typeof document.querySelector('body') === 'object' &&","                    typeof XMLHttpRequest.prototype.open === 'function' &&","                    'browser';","            } catch (errorCaughtBrowser) {","                return module.exports &&","                    typeof process.versions.node === 'string' &&","                    typeof require('http').createServer === 'function' &&","                    'node';","            }","        }());","        // init global","        local.global = local.modeJs === 'browser'","            ? window","            : global;","        switch (local.modeJs) {","        // re-init local from window.local","        case 'browser':","            local = local.global.utility2.objectSetDefault(","                local.global.utility2_rollup || local.global.local,","                local.global.utility2","            );","            break;","        // re-init local from example.js","        case 'node':","            local = (local.global.utility2_rollup || require('utility2'))","                .requireExampleJsFromReadme();","            break;","        }","        // export local","        local.global.local = local;","    }());","","","","    // run shared js-env code - function","    (function () {","        return;","    }());","    switch (local.modeJs) {","","","","    // run browser js-env code - function","    case 'browser':","        break;","","","","    // run node js-env code - function","    case 'node':","        break;","    }","","","","    // run shared js-env code - post-init","    (function () {","        return;","    }());","    switch (local.modeJs) {","","","","    // run browser js-env code - post-init","    case 'browser':","        local.testCase_browser_nullCase = local.testCase_browser_nullCase || function (","            options,","            onError","        ) {","        /*","         * this function will test browsers's null-case handling-behavior-behavior","         */","            onError(null, options);","        };","","        // run tests","        local.nop(local.modeTest &&","            document.querySelector('#testRunButton1') &&","            document.querySelector('#testRunButton1').click());","        break;","","","","    // run node js-env code - post-init","    /* istanbul ignore next */","    case 'node':","        local.testCase_buildApidoc_default = local.testCase_buildApidoc_default || function (","            options,","            onError","        ) {","        /*","         * this function will test buildApidoc's default handling-behavior-behavior","         */","            options = { modulePathList: module.paths };","            local.buildApidoc(options, onError);","        };","","        local.testCase_buildApp_default = local.testCase_buildApp_default || function (","            options,","            onError","        ) {","        /*","         * this function will test buildApp's default handling-behavior-behavior","         */","            local.testCase_buildReadme_default(options, local.onErrorThrow);","            local.testCase_buildLib_default(options, local.onErrorThrow);","            local.testCase_buildTest_default(options, local.onErrorThrow);","            local.testCase_buildCustomOrg_default(options, local.onErrorThrow);","            options = [];","            local.buildApp(options, onError);","        };","","        local.testCase_buildCustomOrg_default = local.testCase_buildCustomOrg_default ||","            function (options, onError) {","            /*","             * this function will test buildCustomOrg's default handling-behavior","             */","                options = {};","                local.buildCustomOrg(options, onError);","            };","","        local.testCase_buildLib_default = local.testCase_buildLib_default || function (","            options,","            onError","        ) {","        /*","         * this function will test buildLib's default handling-behavior","         */","            options = {};","            local.buildLib(options, onError);","        };","","        local.testCase_buildReadme_default = local.testCase_buildReadme_default || function (","            options,","            onError","        ) {","        /*","         * this function will test buildReadme's default handling-behavior-behavior","         */","            options = {};","            local.buildReadme(options, onError);","        };","","        local.testCase_buildTest_default = local.testCase_buildTest_default || function (","            options,","            onError","        ) {","        /*","         * this function will test buildTest's default handling-behavior","         */","            options = {};","            local.buildTest(options, onError);","        };","","        local.testCase_webpage_default = local.testCase_webpage_default || function (","            options,","            onError","        ) {","        /*","         * this function will test webpage's default handling-behavior","         */","            options = { modeCoverageMerge: true, url: local.serverLocalHost + '?modeTest=1' };","            local.browserTest(options, onError);","        };","","        // run test-server","        local.testRunServer(local);","        break;","    }","}());",""],"l":{"12":2,"14":2,"19":2,"21":2,"23":2,"24":2,"25":2,"30":1,"37":2,"40":2,"43":1,"47":1,"50":1,"52":1,"55":2,"61":2,"62":2,"64":2,"70":1,"76":1,"82":2,"83":2,"85":2,"91":1,"98":1,"102":1,"105":1,"112":1,"119":1,"120":1,"123":1,"130":1,"131":1,"132":1,"133":1,"134":1,"135":1,"138":1,"143":2,"144":2,"147":1,"154":2,"155":2,"158":1,"165":2,"166":2,"169":1,"176":2,"177":2,"180":1,"187":1,"188":1,"192":1,"193":1}},"/home/travis/build/npmtest/node-npmtest-fetch-mock/lib.npmtest_fetch_mock.js":{"path":"/home/travis/build/npmtest/node-npmtest-fetch-mock/lib.npmtest_fetch_mock.js","s":{"1":2,"2":2,"3":2,"4":2,"5":2,"6":2,"7":2,"8":1,"9":2,"10":2,"11":2,"12":2,"13":1,"14":1,"15":1,"16":1},"b":{"1":[2,1,1,1],"2":[1,1,1,1],"3":[1,1],"4":[2,2],"5":[1,1]},"f":{"1":2,"2":2,"3":2},"fnMap":{"1":{"name":"(anonymous_1)","line":12,"loc":{"start":{"line":12,"column":1},"end":{"line":12,"column":13}}},"2":{"name":"(anonymous_2)","line":19,"loc":{"start":{"line":19,"column":5},"end":{"line":19,"column":17}}},"3":{"name":"(anonymous_3)","line":23,"loc":{"start":{"line":23,"column":24},"end":{"line":23,"column":36}}}},"statementMap":{"1":{"start":{"line":12,"column":0},"end":{"line":53,"column":5}},"2":{"start":{"line":14,"column":4},"end":{"line":14,"column":14}},"3":{"start":{"line":19,"column":4},"end":{"line":52,"column":9}},"4":{"start":{"line":21,"column":8},"end":{"line":21,"column":19}},"5":{"start":{"line":23,"column":8},"end":{"line":35,"column":13}},"6":{"start":{"line":24,"column":12},"end":{"line":34,"column":13}},"7":{"start":{"line":25,"column":16},"end":{"line":28,"column":30}},"8":{"start":{"line":30,"column":16},"end":{"line":33,"column":27}},"9":{"start":{"line":37,"column":8},"end":{"line":39,"column":21}},"10":{"start":{"line":41,"column":8},"end":{"line":41,"column":54}},"11":{"start":{"line":43,"column":8},"end":{"line":43,"column":55}},"12":{"start":{"line":45,"column":8},"end":{"line":51,"column":9}},"13":{"start":{"line":46,"column":12},"end":{"line":46,"column":61}},"14":{"start":{"line":48,"column":12},"end":{"line":48,"column":35}},"15":{"start":{"line":49,"column":12},"end":{"line":49,"column":49}},"16":{"start":{"line":50,"column":12},"end":{"line":50,"column":43}}},"branchMap":{"1":{"line":25,"type":"binary-expr","locations":[{"start":{"line":25,"column":23},"end":{"line":25,"column":62}},{"start":{"line":26,"column":20},"end":{"line":26,"column":70}},{"start":{"line":27,"column":20},"end":{"line":27,"column":71}},{"start":{"line":28,"column":20},"end":{"line":28,"column":29}}]},"2":{"line":30,"type":"binary-expr","locations":[{"start":{"line":30,"column":23},"end":{"line":30,"column":37}},{"start":{"line":31,"column":20},"end":{"line":31,"column":61}},{"start":{"line":32,"column":20},"end":{"line":32,"column":70}},{"start":{"line":33,"column":20},"end":{"line":33,"column":26}}]},"3":{"line":37,"type":"cond-expr","locations":[{"start":{"line":38,"column":14},"end":{"line":38,"column":20}},{"start":{"line":39,"column":14},"end":{"line":39,"column":20}}]},"4":{"line":41,"type":"binary-expr","locations":[{"start":{"line":41,"column":16},"end":{"line":41,"column":44}},{"start":{"line":41,"column":48},"end":{"line":41,"column":53}}]},"5":{"line":45,"type":"if","locations":[{"start":{"line":45,"column":8},"end":{"line":45,"column":8}},{"start":{"line":45,"column":8},"end":{"line":45,"column":8}}]}},"code":["/* istanbul instrument in package npmtest_fetch_mock */","/*jslint","    bitwise: true,","    browser: true,","    maxerr: 8,","    maxlen: 96,","    node: true,","    nomen: true,","    regexp: true,","    stupid: true","*/","(function () {","    'use strict';","    var local;","","","","    // run shared js-env code - pre-init","    (function () {","        // init local","        local = {};","        // init modeJs","        local.modeJs = (function () {","            try {","                return typeof navigator.userAgent === 'string' &&","                    typeof document.querySelector('body') === 'object' &&","                    typeof XMLHttpRequest.prototype.open === 'function' &&","                    'browser';","            } catch (errorCaughtBrowser) {","                return module.exports &&","                    typeof process.versions.node === 'string' &&","                    typeof require('http').createServer === 'function' &&","                    'node';","            }","        }());","        // init global","        local.global = local.modeJs === 'browser'","            ? window","            : global;","        // init utility2_rollup","        local = local.global.utility2_rollup || local;","        // init lib","        local.local = local.npmtest_fetch_mock = local;","        // init exports","        if (local.modeJs === 'browser') {","            local.global.utility2_npmtest_fetch_mock = local;","        } else {","            module.exports = local;","            module.exports.__dirname = __dirname;","            module.exports.module = module;","        }","    }());","}());",""],"l":{"12":2,"14":2,"19":2,"21":2,"23":2,"24":2,"25":2,"30":1,"37":2,"41":2,"43":2,"45":2,"46":1,"48":1,"49":1,"50":1}},"/home/travis/build/npmtest/node-npmtest-fetch-mock/example.js":{"path":"/home/travis/build/npmtest/node-npmtest-fetch-mock/example.js","s":{"1":2,"2":2,"3":2,"4":2,"5":2,"6":2,"7":2,"8":1,"9":2,"10":2,"11":2,"12":2,"13":1,"14":2,"15":2,"16":2,"17":2,"18":2,"19":0,"20":2,"21":1,"22":1,"23":1,"24":1,"25":1,"26":0,"27":0,"28":1,"29":1,"30":2,"31":0,"32":0,"33":0,"34":1,"35":2,"36":2,"37":3,"38":3,"39":3,"40":3,"41":0,"42":3,"43":3,"44":3,"45":1,"46":3,"47":1,"48":1,"49":1,"50":1,"51":1,"52":1,"53":1,"54":1,"55":1,"56":1,"57":0,"58":1,"59":6,"60":6,"61":1,"62":2,"63":0,"64":2,"65":1,"66":1,"67":0,"68":0,"69":0,"70":0,"71":0,"72":0,"73":0,"74":0,"75":0,"76":0,"77":0,"78":0,"79":0,"80":0,"81":0,"82":0,"83":0},"b":{"1":[2,1,1,1],"2":[1,1,1,1],"3":[1,1],"4":[2,2],"5":[1,1],"6":[1,1],"7":[2,0],"8":[2,1,1,1,1,1],"9":[0,2,0],"10":[1,1],"11":[2,1,1],"12":[1,0],"13":[0,2],"14":[2,0,0,0,0,0,0],"15":[0,3],"16":[3,0],"17":[1,1],"18":[0,1],"19":[1,2,0,2],"20":[1,0],"21":[1,1],"22":[0,0],"23":[0,0],"24":[0,0],"25":[0,0],"26":[0,0],"27":[0,0],"28":[0,0]},"f":{"1":2,"2":2,"3":2,"4":2,"5":2,"6":2,"7":3,"8":3,"9":3,"10":1,"11":6,"12":0},"fnMap":{"1":{"name":"(anonymous_1)","line":26,"loc":{"start":{"line":26,"column":1},"end":{"line":26,"column":13}}},"2":{"name":"(anonymous_2)","line":33,"loc":{"start":{"line":33,"column":5},"end":{"line":33,"column":17}}},"3":{"name":"(anonymous_3)","line":37,"loc":{"start":{"line":37,"column":24},"end":{"line":37,"column":36}}},"4":{"name":"(anonymous_4)","line":69,"loc":{"start":{"line":69,"column":31},"end":{"line":69,"column":48}},"skip":true},"5":{"name":"(anonymous_5)","line":78,"loc":{"start":{"line":78,"column":26},"end":{"line":78,"column":45}},"skip":true},"6":{"name":"(anonymous_6)","line":123,"loc":{"start":{"line":123,"column":33},"end":{"line":123,"column":48}},"skip":true},"7":{"name":"(anonymous_7)","line":125,"loc":{"start":{"line":125,"column":27},"end":{"line":125,"column":39}},"skip":true},"8":{"name":"(anonymous_8)","line":133,"loc":{"start":{"line":133,"column":59},"end":{"line":133,"column":74}},"skip":true},"9":{"name":"(anonymous_9)","line":143,"loc":{"start":{"line":143,"column":45},"end":{"line":143,"column":62}},"skip":true},"10":{"name":"(anonymous_10)","line":144,"loc":{"start":{"line":144,"column":73},"end":{"line":144,"column":92}},"skip":true},"11":{"name":"(anonymous_11)","line":272,"loc":{"start":{"line":272,"column":51},"end":{"line":272,"column":77}},"skip":true},"12":{"name":"(anonymous_12)","line":315,"loc":{"start":{"line":315,"column":32},"end":{"line":315,"column":61}},"skip":true}},"statementMap":{"1":{"start":{"line":26,"column":0},"end":{"line":326,"column":5}},"2":{"start":{"line":28,"column":4},"end":{"line":28,"column":14}},"3":{"start":{"line":33,"column":4},"end":{"line":60,"column":9}},"4":{"start":{"line":35,"column":8},"end":{"line":35,"column":19}},"5":{"start":{"line":37,"column":8},"end":{"line":49,"column":13}},"6":{"start":{"line":38,"column":12},"end":{"line":48,"column":13}},"7":{"start":{"line":39,"column":16},"end":{"line":42,"column":30}},"8":{"start":{"line":44,"column":16},"end":{"line":47,"column":27}},"9":{"start":{"line":51,"column":8},"end":{"line":53,"column":21}},"10":{"start":{"line":55,"column":8},"end":{"line":57,"column":45}},"11":{"start":{"line":59,"column":8},"end":{"line":59,"column":35}},"12":{"start":{"line":61,"column":4},"end":{"line":325,"column":5}},"13":{"start":{"line":69,"column":8},"end":{"line":121,"column":10},"skip":true},"14":{"start":{"line":70,"column":12},"end":{"line":88,"column":13},"skip":true},"15":{"start":{"line":76,"column":16},"end":{"line":87,"column":19},"skip":true},"16":{"start":{"line":79,"column":20},"end":{"line":86,"column":21},"skip":true},"17":{"start":{"line":82,"column":24},"end":{"line":82,"column":43},"skip":true},"18":{"start":{"line":83,"column":24},"end":{"line":83,"column":30},"skip":true},"19":{"start":{"line":85,"column":24},"end":{"line":85,"column":49},"skip":true},"20":{"start":{"line":89,"column":12},"end":{"line":107,"column":13},"skip":true},"21":{"start":{"line":92,"column":16},"end":{"line":102,"column":17},"skip":true},"22":{"start":{"line":93,"column":20},"end":{"line":93,"column":86},"skip":true},"23":{"start":{"line":94,"column":20},"end":{"line":95,"column":45},"skip":true},"24":{"start":{"line":96,"column":20},"end":{"line":96,"column":42},"skip":true},"25":{"start":{"line":97,"column":20},"end":{"line":97,"column":48},"skip":true},"26":{"start":{"line":100,"column":20},"end":{"line":100,"column":85},"skip":true},"27":{"start":{"line":101,"column":20},"end":{"line":101,"column":96},"skip":true},"28":{"start":{"line":103,"column":16},"end":{"line":103,"column":22},"skip":true},"29":{"start":{"line":106,"column":16},"end":{"line":106,"column":22},"skip":true},"30":{"start":{"line":108,"column":12},"end":{"line":120,"column":13},"skip":true},"31":{"start":{"line":114,"column":16},"end":{"line":119,"column":17},"skip":true},"32":{"start":{"line":116,"column":20},"end":{"line":116,"column":78},"skip":true},"33":{"start":{"line":118,"column":20},"end":{"line":118,"column":47},"skip":true},"34":{"start":{"line":123,"column":8},"end":{"line":141,"column":11},"skip":true},"35":{"start":{"line":124,"column":12},"end":{"line":124,"column":54},"skip":true},"36":{"start":{"line":125,"column":12},"end":{"line":140,"column":14},"skip":true},"37":{"start":{"line":126,"column":16},"end":{"line":126,"column":28},"skip":true},"38":{"start":{"line":127,"column":16},"end":{"line":127,"column":69},"skip":true},"39":{"start":{"line":128,"column":16},"end":{"line":128,"column":75},"skip":true},"40":{"start":{"line":129,"column":16},"end":{"line":131,"column":17},"skip":true},"41":{"start":{"line":130,"column":20},"end":{"line":130,"column":27},"skip":true},"42":{"start":{"line":133,"column":16},"end":{"line":137,"column":36},"skip":true},"43":{"start":{"line":134,"column":20},"end":{"line":136,"column":55},"skip":true},"44":{"start":{"line":139,"column":16},"end":{"line":139,"column":57},"skip":true},"45":{"start":{"line":143,"column":8},"end":{"line":147,"column":11},"skip":true},"46":{"start":{"line":144,"column":12},"end":{"line":146,"column":15},"skip":true},"47":{"start":{"line":145,"column":16},"end":{"line":145,"column":70},"skip":true},"48":{"start":{"line":149,"column":8},"end":{"line":149,"column":31},"skip":true},"49":{"start":{"line":150,"column":8},"end":{"line":150,"column":14},"skip":true},"50":{"start":{"line":158,"column":8},"end":{"line":158,"column":31},"skip":true},"51":{"start":{"line":160,"column":8},"end":{"line":160,"column":33},"skip":true},"52":{"start":{"line":161,"column":8},"end":{"line":161,"column":37},"skip":true},"53":{"start":{"line":162,"column":8},"end":{"line":162,"column":35},"skip":true},"54":{"start":{"line":164,"column":8},"end":{"line":164,"column":50},"skip":true},"55":{"start":{"line":166,"column":8},"end":{"line":256,"column":2},"skip":true},"56":{"start":{"line":258,"column":8},"end":{"line":286,"column":9},"skip":true},"57":{"start":{"line":259,"column":12},"end":{"line":269,"column":14},"skip":true},"58":{"start":{"line":271,"column":12},"end":{"line":285,"column":19},"skip":true},"59":{"start":{"line":274,"column":20},"end":{"line":274,"column":35},"skip":true},"60":{"start":{"line":275,"column":20},"end":{"line":284,"column":21},"skip":true},"61":{"start":{"line":277,"column":24},"end":{"line":277,"column":64},"skip":true},"62":{"start":{"line":279,"column":24},"end":{"line":279,"column":40},"skip":true},"63":{"start":{"line":281,"column":24},"end":{"line":281,"column":40},"skip":true},"64":{"start":{"line":283,"column":24},"end":{"line":283,"column":39},"skip":true},"65":{"start":{"line":288,"column":8},"end":{"line":290,"column":9},"skip":true},"66":{"start":{"line":289,"column":12},"end":{"line":289,"column":18},"skip":true},"67":{"start":{"line":291,"column":8},"end":{"line":293,"column":54},"skip":true},"68":{"start":{"line":296,"column":8},"end":{"line":301,"column":37},"skip":true},"69":{"start":{"line":303,"column":8},"end":{"line":303,"column":82},"skip":true},"70":{"start":{"line":306,"column":8},"end":{"line":308,"column":9},"skip":true},"71":{"start":{"line":307,"column":12},"end":{"line":307,"column":82},"skip":true},"72":{"start":{"line":310,"column":8},"end":{"line":312,"column":9},"skip":true},"73":{"start":{"line":311,"column":12},"end":{"line":311,"column":18},"skip":true},"74":{"start":{"line":313,"column":8},"end":{"line":313,"column":54},"skip":true},"75":{"start":{"line":314,"column":8},"end":{"line":314,"column":69},"skip":true},"76":{"start":{"line":315,"column":8},"end":{"line":323,"column":36},"skip":true},"77":{"start":{"line":316,"column":12},"end":{"line":316,"column":61},"skip":true},"78":{"start":{"line":317,"column":12},"end":{"line":320,"column":13},"skip":true},"79":{"start":{"line":318,"column":16},"end":{"line":318,"column":75},"skip":true},"80":{"start":{"line":319,"column":16},"end":{"line":319,"column":23},"skip":true},"81":{"start":{"line":321,"column":12},"end":{"line":321,"column":38},"skip":true},"82":{"start":{"line":322,"column":12},"end":{"line":322,"column":27},"skip":true},"83":{"start":{"line":324,"column":8},"end":{"line":324,"column":14},"skip":true}},"branchMap":{"1":{"line":39,"type":"binary-expr","locations":[{"start":{"line":39,"column":23},"end":{"line":39,"column":62}},{"start":{"line":40,"column":20},"end":{"line":40,"column":70}},{"start":{"line":41,"column":20},"end":{"line":41,"column":71}},{"start":{"line":42,"column":20},"end":{"line":42,"column":29}}]},"2":{"line":44,"type":"binary-expr","locations":[{"start":{"line":44,"column":23},"end":{"line":44,"column":37}},{"start":{"line":45,"column":20},"end":{"line":45,"column":61}},{"start":{"line":46,"column":20},"end":{"line":46,"column":70}},{"start":{"line":47,"column":20},"end":{"line":47,"column":26}}]},"3":{"line":51,"type":"cond-expr","locations":[{"start":{"line":52,"column":14},"end":{"line":52,"column":20}},{"start":{"line":53,"column":14},"end":{"line":53,"column":20}}]},"4":{"line":55,"type":"binary-expr","locations":[{"start":{"line":55,"column":16},"end":{"line":55,"column":44}},{"start":{"line":55,"column":49},"end":{"line":57,"column":43}}]},"5":{"line":55,"type":"cond-expr","locations":[{"start":{"line":56,"column":14},"end":{"line":56,"column":54}},{"start":{"line":57,"column":14},"end":{"line":57,"column":43}}]},"6":{"line":61,"type":"switch","locations":[{"start":{"line":68,"column":4},"end":{"line":150,"column":14},"skip":true},{"start":{"line":156,"column":4},"end":{"line":324,"column":14},"skip":true}]},"7":{"line":70,"type":"if","locations":[{"start":{"line":70,"column":12},"end":{"line":70,"column":12},"skip":true},{"start":{"line":70,"column":12},"end":{"line":70,"column":12},"skip":true}]},"8":{"line":70,"type":"binary-expr","locations":[{"start":{"line":70,"column":16},"end":{"line":70,"column":22},"skip":true},{"start":{"line":70,"column":27},"end":{"line":70,"column":32},"skip":true},{"start":{"line":71,"column":20},"end":{"line":71,"column":39},"skip":true},{"start":{"line":72,"column":20},"end":{"line":72,"column":49},"skip":true},{"start":{"line":73,"column":20},"end":{"line":73,"column":58},"skip":true},{"start":{"line":74,"column":20},"end":{"line":74,"column":69},"skip":true}]},"9":{"line":79,"type":"switch","locations":[{"start":{"line":80,"column":20},"end":{"line":80,"column":33},"skip":true},{"start":{"line":81,"column":20},"end":{"line":83,"column":30},"skip":true},{"start":{"line":84,"column":20},"end":{"line":85,"column":49},"skip":true}]},"10":{"line":89,"type":"switch","locations":[{"start":{"line":90,"column":12},"end":{"line":103,"column":22},"skip":true},{"start":{"line":105,"column":12},"end":{"line":106,"column":22},"skip":true}]},"11":{"line":89,"type":"binary-expr","locations":[{"start":{"line":89,"column":20},"end":{"line":89,"column":25},"skip":true},{"start":{"line":89,"column":29},"end":{"line":89,"column":48},"skip":true},{"start":{"line":89,"column":52},"end":{"line":89,"column":74},"skip":true}]},"12":{"line":92,"type":"if","locations":[{"start":{"line":92,"column":16},"end":{"line":92,"column":16},"skip":true},{"start":{"line":92,"column":16},"end":{"line":92,"column":16},"skip":true}]},"13":{"line":108,"type":"if","locations":[{"start":{"line":108,"column":12},"end":{"line":108,"column":12},"skip":true},{"start":{"line":108,"column":12},"end":{"line":108,"column":12},"skip":true}]},"14":{"line":108,"type":"binary-expr","locations":[{"start":{"line":108,"column":16},"end":{"line":108,"column":61},"skip":true},{"start":{"line":108,"column":66},"end":{"line":108,"column":72},"skip":true},{"start":{"line":108,"column":77},"end":{"line":108,"column":82},"skip":true},{"start":{"line":109,"column":20},"end":{"line":109,"column":39},"skip":true},{"start":{"line":110,"column":20},"end":{"line":110,"column":49},"skip":true},{"start":{"line":111,"column":20},"end":{"line":111,"column":58},"skip":true},{"start":{"line":112,"column":20},"end":{"line":112,"column":68},"skip":true}]},"15":{"line":129,"type":"if","locations":[{"start":{"line":129,"column":16},"end":{"line":129,"column":16},"skip":true},{"start":{"line":129,"column":16},"end":{"line":129,"column":16},"skip":true}]},"16":{"line":134,"type":"cond-expr","locations":[{"start":{"line":135,"column":26},"end":{"line":135,"column":29},"skip":true},{"start":{"line":136,"column":26},"end":{"line":136,"column":54},"skip":true}]},"17":{"line":164,"type":"binary-expr","locations":[{"start":{"line":164,"column":27},"end":{"line":164,"column":43},"skip":true},{"start":{"line":164,"column":47},"end":{"line":164,"column":49},"skip":true}]},"18":{"line":258,"type":"if","locations":[{"start":{"line":258,"column":8},"end":{"line":258,"column":8},"skip":true},{"start":{"line":258,"column":8},"end":{"line":258,"column":8},"skip":true}]},"19":{"line":275,"type":"switch","locations":[{"start":{"line":276,"column":20},"end":{"line":277,"column":64},"skip":true},{"start":{"line":278,"column":20},"end":{"line":279,"column":40},"skip":true},{"start":{"line":280,"column":20},"end":{"line":281,"column":40},"skip":true},{"start":{"line":282,"column":20},"end":{"line":283,"column":39},"skip":true}]},"20":{"line":288,"type":"if","locations":[{"start":{"line":288,"column":8},"end":{"line":288,"column":8},"skip":true},{"start":{"line":288,"column":8},"end":{"line":288,"column":8},"skip":true}]},"21":{"line":288,"type":"binary-expr","locations":[{"start":{"line":288,"column":12},"end":{"line":288,"column":40},"skip":true},{"start":{"line":288,"column":44},"end":{"line":288,"column":67},"skip":true}]},"22":{"line":292,"type":"binary-expr","locations":[{"start":{"line":292,"column":12},"end":{"line":292,"column":50},"skip":true},{"start":{"line":293,"column":12},"end":{"line":293,"column":53},"skip":true}]},"23":{"line":297,"type":"binary-expr","locations":[{"start":{"line":297,"column":12},"end":{"line":297,"column":68},"skip":true},{"start":{"line":298,"column":12},"end":{"line":301,"column":36},"skip":true}]},"24":{"line":303,"type":"binary-expr","locations":[{"start":{"line":303,"column":43},"end":{"line":303,"column":75},"skip":true},{"start":{"line":303,"column":79},"end":{"line":303,"column":81},"skip":true}]},"25":{"line":306,"type":"if","locations":[{"start":{"line":306,"column":8},"end":{"line":306,"column":8},"skip":true},{"start":{"line":306,"column":8},"end":{"line":306,"column":8},"skip":true}]},"26":{"line":310,"type":"if","locations":[{"start":{"line":310,"column":8},"end":{"line":310,"column":8},"skip":true},{"start":{"line":310,"column":8},"end":{"line":310,"column":8},"skip":true}]},"27":{"line":313,"type":"binary-expr","locations":[{"start":{"line":313,"column":27},"end":{"line":313,"column":43},"skip":true},{"start":{"line":313,"column":47},"end":{"line":313,"column":53},"skip":true}]},"28":{"line":317,"type":"if","locations":[{"start":{"line":317,"column":12},"end":{"line":317,"column":12},"skip":true},{"start":{"line":317,"column":12},"end":{"line":317,"column":12},"skip":true}]}},"code":["/*","example.js","","quickstart example","","instruction","    1. save this script as example.js","    2. run the shell command:","        $ npm install npmtest-fetch-mock && PORT=8081 node example.js","    3. play with the browser-demo on http://127.0.0.1:8081","*/","","","","/* istanbul instrument in package npmtest_fetch_mock */","/*jslint","    bitwise: true,","    browser: true,","    maxerr: 8,","    maxlen: 96,","    node: true,","    nomen: true,","    regexp: true,","    stupid: true","*/","(function () {","    'use strict';","    var local;","","","","    // run shared js-env code - pre-init","    (function () {","        // init local","        local = {};","        // init modeJs","        local.modeJs = (function () {","            try {","                return typeof navigator.userAgent === 'string' &&","                    typeof document.querySelector('body') === 'object' &&","                    typeof XMLHttpRequest.prototype.open === 'function' &&","                    'browser';","            } catch (errorCaughtBrowser) {","                return module.exports &&","                    typeof process.versions.node === 'string' &&","                    typeof require('http').createServer === 'function' &&","                    'node';","            }","        }());","        // init global","        local.global = local.modeJs === 'browser'","            ? window","            : global;","        // init utility2_rollup","        local = local.global.utility2_rollup || (local.modeJs === 'browser'","            ? local.global.utility2_npmtest_fetch_mock","            : global.utility2_moduleExports);","        // export local","        local.global.local = local;","    }());","    switch (local.modeJs) {","","","","    // post-init","    // run browser js-env code - post-init","    /* istanbul ignore next */","    case 'browser':","        local.testRunBrowser = function (event) {","            if (!event || (event &&","                    event.currentTarget &&","                    event.currentTarget.className &&","                    event.currentTarget.className.includes &&","                    event.currentTarget.className.includes('onreset'))) {","                // reset output","                Array.from(","                    document.querySelectorAll('body > .resettable')","                ).forEach(function (element) {","                    switch (element.tagName) {","                    case 'INPUT':","                    case 'TEXTAREA':","                        element.value = '';","                        break;","                    default:","                        element.textContent = '';","                    }","                });","            }","            switch (event && event.currentTarget && event.currentTarget.id) {","            case 'testRunButton1':","                // show tests","                if (document.querySelector('#testReportDiv1').style.display === 'none') {","                    document.querySelector('#testReportDiv1').style.display = 'block';","                    document.querySelector('#testRunButton1').textContent =","                        'hide internal test';","                    local.modeTest = true;","                    local.testRunDefault(local);","                // hide tests","                } else {","                    document.querySelector('#testReportDiv1').style.display = 'none';","                    document.querySelector('#testRunButton1').textContent = 'run internal test';","                }","                break;","            // custom-case","            default:","                break;","            }","            if (document.querySelector('#inputTextareaEval1') && (!event || (event &&","                    event.currentTarget &&","                    event.currentTarget.className &&","                    event.currentTarget.className.includes &&","                    event.currentTarget.className.includes('oneval')))) {","                // try to eval input-code","                try {","                    /*jslint evil: true*/","                    eval(document.querySelector('#inputTextareaEval1').value);","                } catch (errorCaught) {","                    console.error(errorCaught);","                }","            }","        };","        // log stderr and stdout to #outputTextareaStdout1","        ['error', 'log'].forEach(function (key) {","            console[key + '_original'] = console[key];","            console[key] = function () {","                var element;","                console[key + '_original'].apply(console, arguments);","                element = document.querySelector('#outputTextareaStdout1');","                if (!element) {","                    return;","                }","                // append text to #outputTextareaStdout1","                element.value += Array.from(arguments).map(function (arg) {","                    return typeof arg === 'string'","                        ? arg","                        : JSON.stringify(arg, null, 4);","                }).join(' ') + '\\n';","                // scroll textarea to bottom","                element.scrollTop = element.scrollHeight;","            };","        });","        // init event-handling","        ['change', 'click', 'keyup'].forEach(function (event) {","            Array.from(document.querySelectorAll('.on' + event)).forEach(function (element) {","                element.addEventListener(event, local.testRunBrowser);","            });","        });","        // run tests","        local.testRunBrowser();","        break;","","","","    // run node js-env code - post-init","    /* istanbul ignore next */","    case 'node':","        // export local","        module.exports = local;","        // require modules","        local.fs = require('fs');","        local.http = require('http');","        local.url = require('url');","        // init assets","        local.assetsDict = local.assetsDict || {};","        /* jslint-ignore-begin */","        local.assetsDict['/assets.index.template.html'] = '\\","<!doctype html>\\n\\","<html lang=\"en\">\\n\\","<head>\\n\\","<meta charset=\"UTF-8\">\\n\\","<meta name=\"viewport\" content=\"width=device-width, initial-scale=1\">\\n\\","<title>{{env.npm_package_name}} (v{{env.npm_package_version}})</title>\\n\\","<style>\\n\\","/*csslint\\n\\","    box-sizing: false,\\n\\","    universal-selector: false\\n\\","*/\\n\\","* {\\n\\","    box-sizing: border-box;\\n\\","}\\n\\","body {\\n\\","    background: #dde;\\n\\","    font-family: Arial, Helvetica, sans-serif;\\n\\","    margin: 2rem;\\n\\","}\\n\\","body > * {\\n\\","    margin-bottom: 1rem;\\n\\","}\\n\\",".utility2FooterDiv {\\n\\","    margin-top: 20px;\\n\\","    text-align: center;\\n\\","}\\n\\","</style>\\n\\","<style>\\n\\","/*csslint\\n\\","*/\\n\\","textarea {\\n\\","    font-family: monospace;\\n\\","    height: 10rem;\\n\\","    width: 100%;\\n\\","}\\n\\","textarea[readonly] {\\n\\","    background: #ddd;\\n\\","}\\n\\","</style>\\n\\","</head>\\n\\","<body>\\n\\","<!-- utility2-comment\\n\\","<div id=\"ajaxProgressDiv1\" style=\"background: #d00; height: 2px; left: 0; margin: 0; padding: 0; position: fixed; top: 0; transition: background 0.5s, width 1.5s; width: 25%;\"></div>\\n\\","utility2-comment -->\\n\\","<h1>\\n\\","<!-- utility2-comment\\n\\","    <a\\n\\","        {{#if env.npm_package_homepage}}\\n\\","        href=\"{{env.npm_package_homepage}}\"\\n\\","        {{/if env.npm_package_homepage}}\\n\\","        target=\"_blank\"\\n\\","    >\\n\\","utility2-comment -->\\n\\","        {{env.npm_package_name}} (v{{env.npm_package_version}})\\n\\","<!-- utility2-comment\\n\\","    </a>\\n\\","utility2-comment -->\\n\\","</h1>\\n\\","<h3>{{env.npm_package_description}}</h3>\\n\\","<!-- utility2-comment\\n\\","<h4><a download href=\"assets.app.js\">download standalone app</a></h4>\\n\\","<button class=\"onclick onreset\" id=\"testRunButton1\">run internal test</button><br>\\n\\","<div id=\"testReportDiv1\" style=\"display: none;\"></div>\\n\\","utility2-comment -->\\n\\","\\n\\","\\n\\","\\n\\","<label>stderr and stdout</label>\\n\\","<textarea class=\"resettable\" id=\"outputTextareaStdout1\" readonly></textarea>\\n\\","<!-- utility2-comment\\n\\","{{#if isRollup}}\\n\\","<script src=\"assets.app.js\"></script>\\n\\","{{#unless isRollup}}\\n\\","utility2-comment -->\\n\\","<script src=\"assets.utility2.rollup.js\"></script>\\n\\","<script src=\"jsonp.utility2._stateInit?callback=window.utility2._stateInit\"></script>\\n\\","<script src=\"assets.npmtest_fetch_mock.rollup.js\"></script>\\n\\","<script src=\"assets.example.js\"></script>\\n\\","<script src=\"assets.test.js\"></script>\\n\\","<!-- utility2-comment\\n\\","{{/if isRollup}}\\n\\","utility2-comment -->\\n\\","<div class=\"utility2FooterDiv\">\\n\\","    [ this app was created with\\n\\","    <a href=\"https://github.com/kaizhu256/node-utility2\" target=\"_blank\">utility2</a>\\n\\","    ]\\n\\","</div>\\n\\","</body>\\n\\","</html>\\n\\","';","        /* jslint-ignore-end */","        if (local.templateRender) {","            local.assetsDict['/'] = local.templateRender(","                local.assetsDict['/assets.index.template.html'],","                {","                    env: local.objectSetDefault(local.env, {","                        npm_package_description: 'the greatest app in the world!',","                        npm_package_name: 'my-app',","                        npm_package_nameAlias: 'my_app',","                        npm_package_version: '0.0.1'","                    })","                }","            );","        } else {","            local.assetsDict['/'] = local.assetsDict['/assets.index.template.html']","                .replace((/\\{\\{env\\.(\\w+?)\\}\\}/g), function (match0, match1) {","                    // jslint-hack","                    String(match0);","                    switch (match1) {","                    case 'npm_package_description':","                        return 'the greatest app in the world!';","                    case 'npm_package_name':","                        return 'my-app';","                    case 'npm_package_nameAlias':","                        return 'my_app';","                    case 'npm_package_version':","                        return '0.0.1';","                    }","                });","        }","        // run the cli","        if (local.global.utility2_rollup || module !== require.main) {","            break;","        }","        local.assetsDict['/assets.example.js'] =","            local.assetsDict['/assets.example.js'] ||","            local.fs.readFileSync(__filename, 'utf8');","        // bug-workaround - long $npm_package_buildCustomOrg","        /* jslint-ignore-begin */","        local.assetsDict['/assets.npmtest_fetch_mock.rollup.js'] =","            local.assetsDict['/assets.npmtest_fetch_mock.rollup.js'] ||","            local.fs.readFileSync(","                local.npmtest_fetch_mock.__dirname + '/lib.npmtest_fetch_mock.js',","                'utf8'","            ).replace((/^#!/), '//');","        /* jslint-ignore-end */","        local.assetsDict['/favicon.ico'] = local.assetsDict['/favicon.ico'] || '';","        // if $npm_config_timeout_exit exists,","        // then exit this process after $npm_config_timeout_exit ms","        if (Number(process.env.npm_config_timeout_exit)) {","            setTimeout(process.exit, Number(process.env.npm_config_timeout_exit));","        }","        // start server","        if (local.global.utility2_serverHttp1) {","            break;","        }","        process.env.PORT = process.env.PORT || '8081';","        console.error('server starting on port ' + process.env.PORT);","        local.http.createServer(function (request, response) {","            request.urlParsed = local.url.parse(request.url);","            if (local.assetsDict[request.urlParsed.pathname] !== undefined) {","                response.end(local.assetsDict[request.urlParsed.pathname]);","                return;","            }","            response.statusCode = 404;","            response.end();","        }).listen(process.env.PORT);","        break;","    }","}());",""],"l":{"26":2,"28":2,"33":2,"35":2,"37":2,"38":2,"39":2,"44":1,"51":2,"55":2,"59":2,"61":2,"69":1,"70":2,"76":2,"79":2,"82":2,"83":2,"85":1,"89":2,"92":1,"93":1,"94":1,"96":1,"97":1,"100":1,"101":1,"103":1,"106":1,"108":2,"114":1,"116":1,"118":1,"123":1,"124":2,"125":2,"126":3,"127":3,"128":3,"129":3,"130":1,"133":3,"134":3,"139":3,"143":1,"144":3,"145":1,"149":1,"150":1,"158":1,"160":1,"161":1,"162":1,"164":1,"166":1,"258":1,"259":1,"271":1,"274":6,"275":6,"277":1,"279":2,"281":1,"283":2,"288":1,"289":1,"291":1,"296":1,"303":1,"306":1,"307":1,"310":1,"311":1,"313":1,"314":1,"315":1,"316":1,"317":1,"318":1,"319":1,"321":1,"322":1,"324":1}},"/home/travis/build/npmtest/node-npmtest-fetch-mock/node_modules/fetch-mock/src/server.js":{"path":"/home/travis/build/npmtest/node-npmtest-fetch-mock/node_modules/fetch-mock/src/server.js","s":{"1":1,"2":1,"3":1,"4":1,"5":1,"6":1,"7":1,"8":1,"9":1,"10":1,"11":1,"12":1},"b":{},"f":{},"fnMap":{},"statementMap":{"1":{"start":{"line":2,"column":0},"end":{"line":2,"column":36}},"2":{"start":{"line":3,"column":0},"end":{"line":3,"column":30}},"3":{"start":{"line":4,"column":0},"end":{"line":4,"column":32}},"4":{"start":{"line":5,"column":0},"end":{"line":5,"column":30}},"5":{"start":{"line":6,"column":0},"end":{"line":6,"column":33}},"6":{"start":{"line":7,"column":0},"end":{"line":7,"column":42}},"7":{"start":{"line":8,"column":0},"end":{"line":8,"column":29}},"8":{"start":{"line":10,"column":0},"end":{"line":10,"column":26}},"9":{"start":{"line":11,"column":0},"end":{"line":11,"column":44}},"10":{"start":{"line":12,"column":0},"end":{"line":12,"column":26}},"11":{"start":{"line":14,"column":0},"end":{"line":19,"column":3}},"12":{"start":{"line":21,"column":0},"end":{"line":21,"column":32}}},"branchMap":{},"code":["'use strict';","const fetch = require('node-fetch');","const Request = fetch.Request;","const Response = fetch.Response;","const Headers = fetch.Headers;","const stream = require('stream');","const FetchMock = require('./fetch-mock');","const http = require('http');","","FetchMock.global = global;","FetchMock.statusTextMap = http.STATUS_CODES;","FetchMock.stream = stream;","","FetchMock.setImplementations({","\tPromise: Promise,","\tRequest: Request,","\tResponse: Response,","\tHeaders: Headers","});","","module.exports = new FetchMock()"],"l":{"2":1,"3":1,"4":1,"5":1,"6":1,"7":1,"8":1,"10":1,"11":1,"12":1,"14":1,"21":1}},"/home/travis/build/npmtest/node-npmtest-fetch-mock/node_modules/fetch-mock/src/fetch-mock.js":{"path":"/home/travis/build/npmtest/node-npmtest-fetch-mock/node_modules/fetch-mock/src/fetch-mock.js","s":{"1":1,"2":1,"3":1,"4":1,"5":1,"6":1,"7":1,"8":1,"9":1,"10":1,"11":1,"12":1,"13":0,"14":0,"15":0,"16":0,"17":0,"18":0,"19":0,"20":0,"21":0,"22":0,"23":1,"24":0,"25":1,"26":0,"27":0,"28":0,"29":0,"30":1,"31":0,"32":0,"33":0,"34":0,"35":0,"36":1,"37":0,"38":0,"39":0,"40":0,"41":1,"42":0,"43":0,"44":1,"45":0,"46":0,"47":0,"48":0,"49":0,"50":0,"51":0,"52":0,"53":0,"54":0,"55":0,"56":0,"57":0,"58":0,"59":0,"60":1,"61":0,"62":0,"63":0,"64":0,"65":0,"66":0,"67":1,"68":0,"69":0,"70":0,"71":1,"72":0,"73":0,"74":0,"75":0,"76":0,"77":0,"78":0,"79":0,"80":0,"81":0,"82":0,"83":0,"84":0,"85":0,"86":0,"87":0,"88":0,"89":0,"90":0,"91":0,"92":0,"93":0,"94":0,"95":0,"96":0,"97":0,"98":0,"99":0,"100":0,"101":1,"102":0,"103":0,"104":0,"105":0,"106":0,"107":1,"108":0,"109":0,"110":0,"111":0,"112":1,"113":0,"114":0,"115":0,"116":0,"117":0,"118":0,"119":1,"120":0,"121":1,"122":0,"123":0,"124":0,"125":0,"126":1,"127":0,"128":0,"129":1,"130":0,"131":0,"132":1,"133":0,"134":0,"135":0,"136":1,"137":0,"138":0,"139":0,"140":0,"141":0,"142":0,"143":0,"144":0,"145":0,"146":0,"147":0,"148":0,"149":0,"150":0,"151":0,"152":0,"153":1,"154":1,"155":0,"156":1,"157":1,"158":1,"159":1,"160":1,"161":1,"162":0,"163":0,"164":0,"165":0,"166":0,"167":0,"168":0,"169":0,"170":0,"171":0,"172":0,"173":0,"174":0,"175":1,"176":6,"177":0,"178":6,"179":0,"180":1},"b":{"1":[0,0],"2":[0,0,0],"3":[0,0],"4":[0,0],"5":[0,0],"6":[0,0],"7":[0,0],"8":[0,0],"9":[0,0],"10":[0,0],"11":[0,0],"12":[0,0],"13":[0,0],"14":[0,0,0],"15":[0,0],"16":[0,0,0],"17":[0,0],"18":[0,0],"19":[0,0],"20":[0,0],"21":[0,0],"22":[0,0],"23":[0,0],"24":[0,0],"25":[0,0],"26":[0,0],"27":[0,0],"28":[0,0,0,0],"29":[0,0],"30":[0,0],"31":[0,0],"32":[0,0,0,0,0],"33":[0,0],"34":[0,0],"35":[0,0],"36":[0,0,0],"37":[0,0],"38":[0,0],"39":[0,0],"40":[0,0],"41":[0,0],"42":[0,0],"43":[0,0],"44":[0,0],"45":[0,0],"46":[0,0],"47":[0,0],"48":[0,0],"49":[0,0],"50":[0,0],"51":[0,0],"52":[0,0],"53":[0,0],"54":[0,0],"55":[0,0],"56":[0,0],"57":[1,0],"58":[1,0],"59":[1,0],"60":[1,0],"61":[0,0],"62":[0,0],"63":[0,0]},"f":{"1":1,"2":1,"3":0,"4":0,"5":0,"6":0,"7":0,"8":0,"9":0,"10":0,"11":0,"12":0,"13":0,"14":0,"15":0,"16":0,"17":0,"18":0,"19":0,"20":0,"21":0,"22":0,"23":1,"24":0,"25":0,"26":0,"27":0},"fnMap":{"1":{"name":"(anonymous_1)","line":5,"loc":{"start":{"line":5,"column":18},"end":{"line":5,"column":30}}},"2":{"name":"(anonymous_2)","line":14,"loc":{"start":{"line":14,"column":34},"end":{"line":14,"column":46}}},"3":{"name":"(anonymous_3)","line":20,"loc":{"start":{"line":20,"column":27},"end":{"line":20,"column":65}}},"4":{"name":"(anonymous_4)","line":47,"loc":{"start":{"line":47,"column":27},"end":{"line":47,"column":65}}},"5":{"name":"(anonymous_5)","line":51,"loc":{"start":{"line":51,"column":28},"end":{"line":51,"column":40}}},"6":{"name":"(anonymous_6)","line":60,"loc":{"start":{"line":60,"column":30},"end":{"line":60,"column":42}}},"7":{"name":"(anonymous_7)","line":69,"loc":{"start":{"line":69,"column":28},"end":{"line":69,"column":48}}},"8":{"name":"(anonymous_8)","line":77,"loc":{"start":{"line":77,"column":26},"end":{"line":77,"column":38}}},"9":{"name":"(anonymous_9)","line":82,"loc":{"start":{"line":82,"column":32},"end":{"line":82,"column":53}}},"10":{"name":"(anonymous_10)","line":110,"loc":{"start":{"line":110,"column":29},"end":{"line":110,"column":50}}},"11":{"name":"(anonymous_11)","line":121,"loc":{"start":{"line":121,"column":31},"end":{"line":121,"column":48}}},"12":{"name":"(anonymous_12)","line":132,"loc":{"start":{"line":132,"column":35},"end":{"line":132,"column":77}}},"13":{"name":"(anonymous_13)","line":192,"loc":{"start":{"line":192,"column":27},"end":{"line":192,"column":49}}},"14":{"name":"(anonymous_14)","line":202,"loc":{"start":{"line":202,"column":30},"end":{"line":202,"column":42}}},"15":{"name":"(anonymous_15)","line":209,"loc":{"start":{"line":209,"column":28},"end":{"line":209,"column":40}}},"16":{"name":"(anonymous_16)","line":217,"loc":{"start":{"line":217,"column":28},"end":{"line":217,"column":44}}},"17":{"name":"(anonymous_17)","line":224,"loc":{"start":{"line":224,"column":31},"end":{"line":224,"column":47}}},"18":{"name":"(anonymous_18)","line":233,"loc":{"start":{"line":233,"column":30},"end":{"line":233,"column":46}}},"19":{"name":"(anonymous_19)","line":238,"loc":{"start":{"line":238,"column":34},"end":{"line":238,"column":50}}},"20":{"name":"(anonymous_20)","line":243,"loc":{"start":{"line":243,"column":29},"end":{"line":243,"column":45}}},"21":{"name":"(anonymous_21)","line":250,"loc":{"start":{"line":250,"column":27},"end":{"line":250,"column":43}}},"22":{"name":"(anonymous_22)","line":282,"loc":{"start":{"line":282,"column":32},"end":{"line":282,"column":48}}},"23":{"name":"(anonymous_23)","line":286,"loc":{"start":{"line":286,"column":72},"end":{"line":286,"column":99}}},"24":{"name":"(anonymous_24)","line":293,"loc":{"start":{"line":293,"column":30},"end":{"line":293,"column":49}}},"25":{"name":"(anonymous_25)","line":303,"loc":{"start":{"line":303,"column":15},"end":{"line":303,"column":27}}},"26":{"name":"(anonymous_26)","line":324,"loc":{"start":{"line":324,"column":32},"end":{"line":324,"column":70}}},"27":{"name":"(anonymous_27)","line":327,"loc":{"start":{"line":327,"column":41},"end":{"line":327,"column":79}}}},"statementMap":{"1":{"start":{"line":3,"column":0},"end":{"line":3,"column":48}},"2":{"start":{"line":5,"column":0},"end":{"line":12,"column":1}},"3":{"start":{"line":7,"column":1},"end":{"line":7,"column":18}},"4":{"start":{"line":8,"column":1},"end":{"line":8,"column":18}},"5":{"start":{"line":9,"column":1},"end":{"line":9,"column":25}},"6":{"start":{"line":10,"column":1},"end":{"line":10,"column":27}},"7":{"start":{"line":11,"column":1},"end":{"line":11,"column":20}},"8":{"start":{"line":14,"column":0},"end":{"line":18,"column":1}},"9":{"start":{"line":15,"column":1},"end":{"line":15,"column":59}},"10":{"start":{"line":16,"column":1},"end":{"line":16,"column":55}},"11":{"start":{"line":17,"column":1},"end":{"line":17,"column":51}},"12":{"start":{"line":20,"column":0},"end":{"line":45,"column":1}},"13":{"start":{"line":22,"column":1},"end":{"line":22,"column":11}},"14":{"start":{"line":25,"column":1},"end":{"line":39,"column":2}},"15":{"start":{"line":26,"column":2},"end":{"line":29,"column":14}},"16":{"start":{"line":30,"column":8},"end":{"line":39,"column":2}},"17":{"start":{"line":31,"column":2},"end":{"line":34,"column":3}},"18":{"start":{"line":35,"column":8},"end":{"line":39,"column":2}},"19":{"start":{"line":36,"column":2},"end":{"line":36,"column":17}},"20":{"start":{"line":38,"column":2},"end":{"line":38,"column":60}},"21":{"start":{"line":42,"column":1},"end":{"line":42,"column":22}},"22":{"start":{"line":44,"column":1},"end":{"line":44,"column":21}},"23":{"start":{"line":47,"column":0},"end":{"line":49,"column":1}},"24":{"start":{"line":48,"column":1},"end":{"line":48,"column":77}},"25":{"start":{"line":51,"column":0},"end":{"line":58,"column":1}},"26":{"start":{"line":52,"column":1},"end":{"line":56,"column":2}},"27":{"start":{"line":54,"column":2},"end":{"line":54,"column":60}},"28":{"start":{"line":55,"column":2},"end":{"line":55,"column":42}},"29":{"start":{"line":57,"column":1},"end":{"line":57,"column":13}},"30":{"start":{"line":60,"column":0},"end":{"line":67,"column":1}},"31":{"start":{"line":61,"column":1},"end":{"line":64,"column":2}},"32":{"start":{"line":62,"column":2},"end":{"line":62,"column":42}},"33":{"start":{"line":63,"column":2},"end":{"line":63,"column":24}},"34":{"start":{"line":65,"column":1},"end":{"line":65,"column":30}},"35":{"start":{"line":66,"column":1},"end":{"line":66,"column":13}},"36":{"start":{"line":69,"column":0},"end":{"line":75,"column":1}},"37":{"start":{"line":70,"column":1},"end":{"line":72,"column":2}},"38":{"start":{"line":71,"column":2},"end":{"line":71,"column":118}},"39":{"start":{"line":73,"column":1},"end":{"line":73,"column":42}},"40":{"start":{"line":74,"column":1},"end":{"line":74,"column":21}},"41":{"start":{"line":77,"column":0},"end":{"line":80,"column":1}},"42":{"start":{"line":78,"column":1},"end":{"line":78,"column":14}},"43":{"start":{"line":79,"column":1},"end":{"line":79,"column":34}},"44":{"start":{"line":82,"column":0},"end":{"line":108,"column":1}},"45":{"start":{"line":83,"column":1},"end":{"line":83,"column":51}},"46":{"start":{"line":84,"column":1},"end":{"line":84,"column":39}},"47":{"start":{"line":86,"column":1},"end":{"line":95,"column":2}},"48":{"start":{"line":87,"column":2},"end":{"line":87,"column":70}},"49":{"start":{"line":88,"column":2},"end":{"line":88,"column":31}},"50":{"start":{"line":90,"column":2},"end":{"line":94,"column":3}},"51":{"start":{"line":91,"column":3},"end":{"line":91,"column":36}},"52":{"start":{"line":93,"column":3},"end":{"line":93,"column":96}},"53":{"start":{"line":97,"column":1},"end":{"line":99,"column":2}},"54":{"start":{"line":98,"column":2},"end":{"line":98,"column":34}},"55":{"start":{"line":101,"column":1},"end":{"line":106,"column":2}},"56":{"start":{"line":102,"column":2},"end":{"line":102,"column":90}},"57":{"start":{"line":102,"column":50},"end":{"line":102,"column":88}},"58":{"start":{"line":103,"column":2},"end":{"line":103,"column":42}},"59":{"start":{"line":105,"column":2},"end":{"line":105,"column":48}},"60":{"start":{"line":110,"column":0},"end":{"line":119,"column":1}},"61":{"start":{"line":111,"column":1},"end":{"line":111,"column":11}},"62":{"start":{"line":112,"column":1},"end":{"line":118,"column":2}},"63":{"start":{"line":113,"column":2},"end":{"line":113,"column":25}},"64":{"start":{"line":114,"column":2},"end":{"line":117,"column":3}},"65":{"start":{"line":115,"column":3},"end":{"line":115,"column":38}},"66":{"start":{"line":116,"column":3},"end":{"line":116,"column":25}},"67":{"start":{"line":121,"column":0},"end":{"line":129,"column":1}},"68":{"start":{"line":123,"column":1},"end":{"line":125,"column":2}},"69":{"start":{"line":124,"column":2},"end":{"line":124,"column":69}},"70":{"start":{"line":128,"column":1},"end":{"line":128,"column":58}},"71":{"start":{"line":132,"column":0},"end":{"line":190,"column":1}},"72":{"start":{"line":133,"column":1},"end":{"line":133,"column":51}},"73":{"start":{"line":139,"column":1},"end":{"line":141,"column":2}},"74":{"start":{"line":140,"column":2},"end":{"line":140,"column":50}},"75":{"start":{"line":143,"column":1},"end":{"line":145,"column":2}},"76":{"start":{"line":144,"column":2},"end":{"line":144,"column":41}},"77":{"start":{"line":147,"column":1},"end":{"line":149,"column":2}},"78":{"start":{"line":148,"column":2},"end":{"line":148,"column":47}},"79":{"start":{"line":151,"column":1},"end":{"line":159,"column":2}},"80":{"start":{"line":152,"column":2},"end":{"line":154,"column":4}},"81":{"start":{"line":155,"column":8},"end":{"line":159,"column":2}},"82":{"start":{"line":156,"column":2},"end":{"line":158,"column":4}},"83":{"start":{"line":161,"column":1},"end":{"line":161,"column":40}},"84":{"start":{"line":162,"column":1},"end":{"line":162,"column":16}},"85":{"start":{"line":163,"column":1},"end":{"line":163,"column":117}},"86":{"start":{"line":164,"column":1},"end":{"line":168,"column":2}},"87":{"start":{"line":165,"column":2},"end":{"line":167,"column":41}},"88":{"start":{"line":169,"column":1},"end":{"line":169,"column":44}},"89":{"start":{"line":170,"column":1},"end":{"line":170,"column":61}},"90":{"start":{"line":173,"column":1},"end":{"line":173,"column":113}},"91":{"start":{"line":175,"column":1},"end":{"line":175,"column":32}},"92":{"start":{"line":176,"column":1},"end":{"line":178,"column":2}},"93":{"start":{"line":177,"column":2},"end":{"line":177,"column":30}},"94":{"start":{"line":180,"column":1},"end":{"line":187,"column":2}},"95":{"start":{"line":181,"column":2},"end":{"line":181,"column":42}},"96":{"start":{"line":182,"column":2},"end":{"line":184,"column":3}},"97":{"start":{"line":183,"column":3},"end":{"line":183,"column":25}},"98":{"start":{"line":185,"column":2},"end":{"line":185,"column":15}},"99":{"start":{"line":186,"column":2},"end":{"line":186,"column":11}},"100":{"start":{"line":189,"column":1},"end":{"line":189,"column":60}},"101":{"start":{"line":192,"column":0},"end":{"line":200,"column":1}},"102":{"start":{"line":193,"column":1},"end":{"line":199,"column":2}},"103":{"start":{"line":194,"column":2},"end":{"line":194,"column":46}},"104":{"start":{"line":195,"column":2},"end":{"line":195,"column":31}},"105":{"start":{"line":196,"column":2},"end":{"line":196,"column":32}},"106":{"start":{"line":198,"column":2},"end":{"line":198,"column":34}},"107":{"start":{"line":202,"column":0},"end":{"line":207,"column":1}},"108":{"start":{"line":203,"column":1},"end":{"line":203,"column":16}},"109":{"start":{"line":204,"column":1},"end":{"line":204,"column":14}},"110":{"start":{"line":205,"column":1},"end":{"line":205,"column":18}},"111":{"start":{"line":206,"column":1},"end":{"line":206,"column":13}},"112":{"start":{"line":209,"column":0},"end":{"line":215,"column":1}},"113":{"start":{"line":210,"column":1},"end":{"line":210,"column":18}},"114":{"start":{"line":211,"column":1},"end":{"line":211,"column":25}},"115":{"start":{"line":212,"column":1},"end":{"line":212,"column":27}},"116":{"start":{"line":213,"column":1},"end":{"line":213,"column":59}},"117":{"start":{"line":213,"column":30},"end":{"line":213,"column":58}},"118":{"start":{"line":214,"column":1},"end":{"line":214,"column":13}},"119":{"start":{"line":217,"column":0},"end":{"line":222,"column":1}},"120":{"start":{"line":218,"column":1},"end":{"line":221,"column":3}},"121":{"start":{"line":224,"column":0},"end":{"line":231,"column":1}},"122":{"start":{"line":225,"column":1},"end":{"line":225,"column":62}},"123":{"start":{"line":226,"column":1},"end":{"line":230,"column":2}},"124":{"start":{"line":227,"column":2},"end":{"line":227,"column":33}},"125":{"start":{"line":229,"column":2},"end":{"line":229,"column":19}},"126":{"start":{"line":233,"column":0},"end":{"line":236,"column":1}},"127":{"start":{"line":234,"column":1},"end":{"line":234,"column":34}},"128":{"start":{"line":235,"column":1},"end":{"line":235,"column":24}},"129":{"start":{"line":238,"column":0},"end":{"line":241,"column":1}},"130":{"start":{"line":239,"column":1},"end":{"line":239,"column":34}},"131":{"start":{"line":240,"column":1},"end":{"line":240,"column":24}},"132":{"start":{"line":243,"column":0},"end":{"line":248,"column":1}},"133":{"start":{"line":244,"column":1},"end":{"line":246,"column":2}},"134":{"start":{"line":245,"column":2},"end":{"line":245,"column":70}},"135":{"start":{"line":247,"column":1},"end":{"line":247,"column":58}},"136":{"start":{"line":250,"column":0},"end":{"line":276,"column":1}},"137":{"start":{"line":251,"column":1},"end":{"line":251,"column":60}},"138":{"start":{"line":251,"column":52},"end":{"line":251,"column":58}},"139":{"start":{"line":255,"column":1},"end":{"line":275,"column":37}},"140":{"start":{"line":256,"column":2},"end":{"line":259,"column":3}},"141":{"start":{"line":257,"column":3},"end":{"line":257,"column":47}},"142":{"start":{"line":258,"column":3},"end":{"line":258,"column":16}},"143":{"start":{"line":261,"column":2},"end":{"line":261,"column":84}},"144":{"start":{"line":261,"column":49},"end":{"line":261,"column":64}},"145":{"start":{"line":263,"column":2},"end":{"line":265,"column":3}},"146":{"start":{"line":264,"column":3},"end":{"line":264,"column":15}},"147":{"start":{"line":267,"column":2},"end":{"line":267,"column":46}},"148":{"start":{"line":268,"column":2},"end":{"line":273,"column":3}},"149":{"start":{"line":269,"column":3},"end":{"line":269,"column":100}},"150":{"start":{"line":270,"column":3},"end":{"line":270,"column":16}},"151":{"start":{"line":272,"column":3},"end":{"line":272,"column":15}},"152":{"start":{"line":275,"column":18},"end":{"line":275,"column":23}},"153":{"start":{"line":278,"column":0},"end":{"line":280,"column":1}},"154":{"start":{"line":282,"column":0},"end":{"line":284,"column":1}},"155":{"start":{"line":283,"column":1},"end":{"line":283,"column":39}},"156":{"start":{"line":286,"column":0},"end":{"line":291,"column":1}},"157":{"start":{"line":287,"column":1},"end":{"line":287,"column":66}},"158":{"start":{"line":288,"column":1},"end":{"line":288,"column":66}},"159":{"start":{"line":289,"column":1},"end":{"line":289,"column":69}},"160":{"start":{"line":290,"column":1},"end":{"line":290,"column":66}},"161":{"start":{"line":293,"column":0},"end":{"line":320,"column":2}},"162":{"start":{"line":294,"column":1},"end":{"line":296,"column":2}},"163":{"start":{"line":295,"column":2},"end":{"line":295,"column":117}},"164":{"start":{"line":297,"column":1},"end":{"line":297,"column":34}},"165":{"start":{"line":302,"column":1},"end":{"line":302,"column":15}},"166":{"start":{"line":303,"column":1},"end":{"line":305,"column":2}},"167":{"start":{"line":304,"column":2},"end":{"line":304,"column":42}},"168":{"start":{"line":307,"column":1},"end":{"line":311,"column":3}},"169":{"start":{"line":312,"column":1},"end":{"line":312,"column":32}},"170":{"start":{"line":313,"column":1},"end":{"line":313,"column":40}},"171":{"start":{"line":314,"column":1},"end":{"line":314,"column":35}},"172":{"start":{"line":315,"column":1},"end":{"line":317,"column":2}},"173":{"start":{"line":316,"column":2},"end":{"line":316,"column":37}},"174":{"start":{"line":319,"column":1},"end":{"line":319,"column":25}},"175":{"start":{"line":322,"column":0},"end":{"line":330,"column":3}},"176":{"start":{"line":324,"column":2},"end":{"line":326,"column":3}},"177":{"start":{"line":325,"column":3},"end":{"line":325,"column":99}},"178":{"start":{"line":327,"column":2},"end":{"line":329,"column":3}},"179":{"start":{"line":328,"column":3},"end":{"line":328,"column":99}},"180":{"start":{"line":332,"column":0},"end":{"line":332,"column":27}}},"branchMap":{"1":{"line":25,"type":"if","locations":[{"start":{"line":25,"column":1},"end":{"line":25,"column":1}},{"start":{"line":25,"column":1},"end":{"line":25,"column":1}}]},"2":{"line":25,"type":"binary-expr","locations":[{"start":{"line":25,"column":5},"end":{"line":25,"column":12}},{"start":{"line":25,"column":16},"end":{"line":25,"column":24}},{"start":{"line":25,"column":28},"end":{"line":25,"column":35}}]},"3":{"line":30,"type":"if","locations":[{"start":{"line":30,"column":8},"end":{"line":30,"column":8}},{"start":{"line":30,"column":8},"end":{"line":30,"column":8}}]},"4":{"line":30,"type":"binary-expr","locations":[{"start":{"line":30,"column":12},"end":{"line":30,"column":19}},{"start":{"line":30,"column":23},"end":{"line":30,"column":31}}]},"5":{"line":35,"type":"if","locations":[{"start":{"line":35,"column":8},"end":{"line":35,"column":8}},{"start":{"line":35,"column":8},"end":{"line":35,"column":8}}]},"6":{"line":35,"type":"binary-expr","locations":[{"start":{"line":35,"column":12},"end":{"line":35,"column":19}},{"start":{"line":35,"column":23},"end":{"line":35,"column":38}}]},"7":{"line":52,"type":"if","locations":[{"start":{"line":52,"column":1},"end":{"line":52,"column":1}},{"start":{"line":52,"column":1},"end":{"line":52,"column":1}}]},"8":{"line":54,"type":"binary-expr","locations":[{"start":{"line":54,"column":19},"end":{"line":54,"column":33}},{"start":{"line":54,"column":37},"end":{"line":54,"column":59}}]},"9":{"line":61,"type":"if","locations":[{"start":{"line":61,"column":1},"end":{"line":61,"column":1}},{"start":{"line":61,"column":1},"end":{"line":61,"column":1}}]},"10":{"line":70,"type":"if","locations":[{"start":{"line":70,"column":1},"end":{"line":70,"column":1}},{"start":{"line":70,"column":1},"end":{"line":70,"column":1}}]},"11":{"line":73,"type":"binary-expr","locations":[{"start":{"line":73,"column":25},"end":{"line":73,"column":33}},{"start":{"line":73,"column":37},"end":{"line":73,"column":41}}]},"12":{"line":83,"type":"binary-expr","locations":[{"start":{"line":83,"column":17},"end":{"line":83,"column":29}},{"start":{"line":83,"column":33},"end":{"line":83,"column":50}}]},"13":{"line":86,"type":"if","locations":[{"start":{"line":86,"column":1},"end":{"line":86,"column":1}},{"start":{"line":86,"column":1},"end":{"line":86,"column":1}}]},"14":{"line":87,"type":"binary-expr","locations":[{"start":{"line":87,"column":28},"end":{"line":87,"column":32}},{"start":{"line":87,"column":36},"end":{"line":87,"column":47}},{"start":{"line":87,"column":51},"end":{"line":87,"column":56}}]},"15":{"line":90,"type":"if","locations":[{"start":{"line":90,"column":2},"end":{"line":90,"column":2}},{"start":{"line":90,"column":2},"end":{"line":90,"column":2}}]},"16":{"line":93,"type":"binary-expr","locations":[{"start":{"line":93,"column":55},"end":{"line":93,"column":59}},{"start":{"line":93,"column":63},"end":{"line":93,"column":74}},{"start":{"line":93,"column":78},"end":{"line":93,"column":83}}]},"17":{"line":97,"type":"if","locations":[{"start":{"line":97,"column":1},"end":{"line":97,"column":1}},{"start":{"line":97,"column":1},"end":{"line":97,"column":1}}]},"18":{"line":101,"type":"if","locations":[{"start":{"line":101,"column":1},"end":{"line":101,"column":1}},{"start":{"line":101,"column":1},"end":{"line":101,"column":1}}]},"19":{"line":114,"type":"if","locations":[{"start":{"line":114,"column":2},"end":{"line":114,"column":2}},{"start":{"line":114,"column":2},"end":{"line":114,"column":2}}]},"20":{"line":123,"type":"if","locations":[{"start":{"line":123,"column":1},"end":{"line":123,"column":1}},{"start":{"line":123,"column":1},"end":{"line":123,"column":1}}]},"21":{"line":133,"type":"binary-expr","locations":[{"start":{"line":133,"column":17},"end":{"line":133,"column":29}},{"start":{"line":133,"column":33},"end":{"line":133,"column":50}}]},"22":{"line":139,"type":"if","locations":[{"start":{"line":139,"column":1},"end":{"line":139,"column":1}},{"start":{"line":139,"column":1},"end":{"line":139,"column":1}}]},"23":{"line":143,"type":"if","locations":[{"start":{"line":143,"column":1},"end":{"line":143,"column":1}},{"start":{"line":143,"column":1},"end":{"line":143,"column":1}}]},"24":{"line":147,"type":"if","locations":[{"start":{"line":147,"column":1},"end":{"line":147,"column":1}},{"start":{"line":147,"column":1},"end":{"line":147,"column":1}}]},"25":{"line":151,"type":"if","locations":[{"start":{"line":151,"column":1},"end":{"line":151,"column":1}},{"start":{"line":151,"column":1},"end":{"line":151,"column":1}}]},"26":{"line":155,"type":"if","locations":[{"start":{"line":155,"column":8},"end":{"line":155,"column":8}},{"start":{"line":155,"column":8},"end":{"line":155,"column":8}}]},"27":{"line":155,"type":"binary-expr","locations":[{"start":{"line":155,"column":12},"end":{"line":155,"column":46}},{"start":{"line":155,"column":50},"end":{"line":155,"column":148}}]},"28":{"line":155,"type":"binary-expr","locations":[{"start":{"line":155,"column":52},"end":{"line":155,"column":71}},{"start":{"line":155,"column":75},"end":{"line":155,"column":97}},{"start":{"line":155,"column":101},"end":{"line":155,"column":122}},{"start":{"line":155,"column":126},"end":{"line":155,"column":147}}]},"29":{"line":161,"type":"binary-expr","locations":[{"start":{"line":161,"column":14},"end":{"line":161,"column":33}},{"start":{"line":161,"column":37},"end":{"line":161,"column":39}}]},"30":{"line":163,"type":"cond-expr","locations":[{"start":{"line":163,"column":61},"end":{"line":163,"column":88}},{"start":{"line":163,"column":91},"end":{"line":163,"column":116}}]},"31":{"line":164,"type":"if","locations":[{"start":{"line":164,"column":1},"end":{"line":164,"column":1}},{"start":{"line":164,"column":1},"end":{"line":164,"column":1}}]},"32":{"line":164,"type":"binary-expr","locations":[{"start":{"line":164,"column":5},"end":{"line":164,"column":26}},{"start":{"line":164,"column":31},"end":{"line":164,"column":72}},{"start":{"line":164,"column":76},"end":{"line":164,"column":137}},{"start":{"line":164,"column":141},"end":{"line":164,"column":168}},{"start":{"line":164,"column":172},"end":{"line":164,"column":199}}]},"33":{"line":169,"type":"binary-expr","locations":[{"start":{"line":169,"column":15},"end":{"line":169,"column":36}},{"start":{"line":169,"column":40},"end":{"line":169,"column":43}}]},"34":{"line":173,"type":"cond-expr","locations":[{"start":{"line":173,"column":41},"end":{"line":173,"column":86}},{"start":{"line":173,"column":89},"end":{"line":173,"column":112}}]},"35":{"line":176,"type":"if","locations":[{"start":{"line":176,"column":1},"end":{"line":176,"column":1}},{"start":{"line":176,"column":1},"end":{"line":176,"column":1}}]},"36":{"line":176,"type":"binary-expr","locations":[{"start":{"line":176,"column":5},"end":{"line":176,"column":20}},{"start":{"line":176,"column":24},"end":{"line":176,"column":51}},{"start":{"line":176,"column":55},"end":{"line":176,"column":79}}]},"37":{"line":180,"type":"if","locations":[{"start":{"line":180,"column":1},"end":{"line":180,"column":1}},{"start":{"line":180,"column":1},"end":{"line":180,"column":1}}]},"38":{"line":182,"type":"if","locations":[{"start":{"line":182,"column":2},"end":{"line":182,"column":2}},{"start":{"line":182,"column":2},"end":{"line":182,"column":2}}]},"39":{"line":193,"type":"if","locations":[{"start":{"line":193,"column":1},"end":{"line":193,"column":1}},{"start":{"line":193,"column":1},"end":{"line":193,"column":1}}]},"40":{"line":194,"type":"binary-expr","locations":[{"start":{"line":194,"column":22},"end":{"line":194,"column":39}},{"start":{"line":194,"column":43},"end":{"line":194,"column":45}}]},"41":{"line":213,"type":"binary-expr","locations":[{"start":{"line":213,"column":30},"end":{"line":213,"column":41}},{"start":{"line":213,"column":45},"end":{"line":213,"column":58}}]},"42":{"line":218,"type":"cond-expr","locations":[{"start":{"line":218,"column":16},"end":{"line":218,"column":39}},{"start":{"line":218,"column":43},"end":{"line":221,"column":2}}]},"43":{"line":218,"type":"binary-expr","locations":[{"start":{"line":218,"column":16},"end":{"line":218,"column":33}},{"start":{"line":218,"column":37},"end":{"line":218,"column":39}}]},"44":{"line":225,"type":"cond-expr","locations":[{"start":{"line":225,"column":22},"end":{"line":225,"column":38}},{"start":{"line":225,"column":41},"end":{"line":225,"column":61}}]},"45":{"line":226,"type":"if","locations":[{"start":{"line":226,"column":1},"end":{"line":226,"column":1}},{"start":{"line":226,"column":1},"end":{"line":226,"column":1}}]},"46":{"line":226,"type":"binary-expr","locations":[{"start":{"line":226,"column":5},"end":{"line":226,"column":10}},{"start":{"line":226,"column":14},"end":{"line":226,"column":26}}]},"47":{"line":235,"type":"binary-expr","locations":[{"start":{"line":235,"column":8},"end":{"line":235,"column":12}},{"start":{"line":235,"column":16},"end":{"line":235,"column":23}}]},"48":{"line":240,"type":"binary-expr","locations":[{"start":{"line":240,"column":8},"end":{"line":240,"column":12}},{"start":{"line":240,"column":16},"end":{"line":240,"column":23}}]},"49":{"line":244,"type":"if","locations":[{"start":{"line":244,"column":1},"end":{"line":244,"column":1}},{"start":{"line":244,"column":1},"end":{"line":244,"column":1}}]},"50":{"line":245,"type":"binary-expr","locations":[{"start":{"line":245,"column":12},"end":{"line":245,"column":37}},{"start":{"line":245,"column":41},"end":{"line":245,"column":68}}]},"51":{"line":247,"type":"binary-expr","locations":[{"start":{"line":247,"column":11},"end":{"line":247,"column":28}},{"start":{"line":247,"column":32},"end":{"line":247,"column":56}}]},"52":{"line":251,"type":"cond-expr","locations":[{"start":{"line":251,"column":22},"end":{"line":251,"column":28}},{"start":{"line":251,"column":31},"end":{"line":251,"column":59}}]},"53":{"line":256,"type":"if","locations":[{"start":{"line":256,"column":2},"end":{"line":256,"column":2}},{"start":{"line":256,"column":2},"end":{"line":256,"column":2}}]},"54":{"line":261,"type":"binary-expr","locations":[{"start":{"line":261,"column":25},"end":{"line":261,"column":65}},{"start":{"line":261,"column":69},"end":{"line":261,"column":73}}]},"55":{"line":263,"
[...]
24,"column":47}},"71":{"start":{"line":125,"column":5},"end":{"line":127,"column":7}},"72":{"start":{"line":126,"column":6},"end":{"line":126,"column":44}},"73":{"start":{"line":130,"column":4},"end":{"line":135,"column":9}},"74":{"start":{"line":131,"column":5},"end":{"line":131,"column":37}},"75":{"start":{"line":132,"column":5},"end":{"line":134,"column":7}},"76":{"start":{"line":133,"column":6},"end":{"line":133,"column":33}},"77":{"start":{"line":138,"column":8},"end":{"line":145,"column":2}},"78":{"start":{"line":139,"column":2},"end":{"line":144,"column":7}},"79":{"start":{"line":140,"column":3},"end":{"line":140,"column":29}},"80":{"start":{"line":141,"column":3},"end":{"line":143,"column":5}},"81":{"start":{"line":142,"column":4},"end":{"line":142,"column":27}},"82":{"start":{"line":147,"column":1},"end":{"line":150,"column":3}},"83":{"start":{"line":148,"column":2},"end":{"line":148,"column":52}},"84":{"start":{"line":149,"column":2},"end":{"line":149,"column":83}},"85":{"start":{"line":152,"column":1},"end":{"line":168,"column":2}},"86":{"start":{"line":153,"column":2},"end":{"line":165,"column":7}},"87":{"start":{"line":154,"column":3},"end":{"line":154,"column":31}},"88":{"start":{"line":155,"column":3},"end":{"line":161,"column":5}},"89":{"start":{"line":156,"column":4},"end":{"line":156,"column":51}},"90":{"start":{"line":157,"column":4},"end":{"line":160,"column":5}},"91":{"start":{"line":158,"column":5},"end":{"line":158,"column":17}},"92":{"start":{"line":159,"column":5},"end":{"line":159,"column":17}},"93":{"start":{"line":162,"column":3},"end":{"line":164,"column":5}},"94":{"start":{"line":163,"column":4},"end":{"line":163,"column":35}},"95":{"start":{"line":167,"column":2},"end":{"line":167,"column":26}},"96":{"start":{"line":170,"column":1},"end":{"line":170,"column":14}}},"branchMap":{"1":{"line":3,"type":"binary-expr","locations":[{"start":{"line":3,"column":15},"end":{"line":3,"column":28}},{"start":{"line":3,"column":32},"end":{"line":3,"column":256}}]},"2":{"line":3,"type":"if","locations":[{"start":{"line":3,"column":150},"end":{"line":3,"column":150}},{"start":{"line":3,"column":150},"end":{"line":3,"column":150}}]},"3":{"line":38,"type":"if","locations":[{"start":{"line":38,"column":2},"end":{"line":38,"column":2}},{"start":{"line":38,"column":2},"end":{"line":38,"column":2}}]},"4":{"line":52,"type":"if","locations":[{"start":{"line":52,"column":1},"end":{"line":52,"column":1}},{"start":{"line":52,"column":1},"end":{"line":52,"column":1}}]},"5":{"line":67,"type":"binary-expr","locations":[{"start":{"line":67,"column":11},"end":{"line":67,"column":18}},{"start":{"line":67,"column":22},"end":{"line":67,"column":36}},{"start":{"line":67,"column":40},"end":{"line":67,"column":45}}]},"6":{"line":68,"type":"binary-expr","locations":[{"start":{"line":68,"column":12},"end":{"line":68,"column":19}},{"start":{"line":68,"column":23},"end":{"line":68,"column":38}}]},"7":{"line":76,"type":"if","locations":[{"start":{"line":76,"column":1},"end":{"line":76,"column":1}},{"start":{"line":76,"column":1},"end":{"line":76,"column":1}}]},"8":{"line":80,"type":"if","locations":[{"start":{"line":80,"column":1},"end":{"line":80,"column":1}},{"start":{"line":80,"column":1},"end":{"line":80,"column":1}}]},"9":{"line":84,"type":"if","locations":[{"start":{"line":84,"column":1},"end":{"line":84,"column":1}},{"start":{"line":84,"column":1},"end":{"line":84,"column":1}}]},"10":{"line":91,"type":"if","locations":[{"start":{"line":91,"column":1},"end":{"line":91,"column":1}},{"start":{"line":91,"column":1},"end":{"line":91,"column":1}}]},"11":{"line":95,"type":"binary-expr","locations":[{"start":{"line":95,"column":22},"end":{"line":95,"column":34}},{"start":{"line":95,"column":38},"end":{"line":95,"column":64}}]},"12":{"line":98,"type":"binary-expr","locations":[{"start":{"line":98,"column":9},"end":{"line":98,"column":24}},{"start":{"line":98,"column":28},"end":{"line":98,"column":86}}]},"13":{"line":98,"type":"cond-expr","locations":[{"start":{"line":98,"column":57},"end":{"line":98,"column":77}},{"start":{"line":98,"column":80},"end":{"line":98,"column":85}}]},"14":{"line":101,"type":"cond-expr","locations":[{"start":{"line":101,"column":36},"end":{"line":101,"column":67}},{"start":{"line":101,"column":70},"end":{"line":103,"column":2}}]},"15":{"line":107,"type":"if","locations":[{"start":{"line":107,"column":1},"end":{"line":107,"column":1}},{"start":{"line":107,"column":1},"end":{"line":107,"column":1}}]},"16":{"line":110,"type":"if","locations":[{"start":{"line":110,"column":3},"end":{"line":110,"column":3}},{"start":{"line":110,"column":3},"end":{"line":110,"column":3}}]},"17":{"line":116,"type":"if","locations":[{"start":{"line":116,"column":2},"end":{"line":116,"column":2}},{"start":{"line":116,"column":2},"end":{"line":116,"column":2}}]},"18":{"line":117,"type":"if","locations":[{"start":{"line":117,"column":3},"end":{"line":117,"column":3}},{"start":{"line":117,"column":3},"end":{"line":117,"column":3}}]},"19":{"line":121,"type":"if","locations":[{"start":{"line":121,"column":10},"end":{"line":121,"column":10}},{"start":{"line":121,"column":10},"end":{"line":121,"column":10}}]},"20":{"line":138,"type":"if","locations":[{"start":{"line":138,"column":8},"end":{"line":138,"column":8}},{"start":{"line":138,"column":8},"end":{"line":138,"column":8}}]},"21":{"line":149,"type":"binary-expr","locations":[{"start":{"line":149,"column":9},"end":{"line":149,"column":34}},{"start":{"line":149,"column":38},"end":{"line":149,"column":61}},{"start":{"line":149,"column":65},"end":{"line":149,"column":82}}]},"22":{"line":152,"type":"if","locations":[{"start":{"line":152,"column":1},"end":{"line":152,"column":1}},{"start":{"line":152,"column":1},"end":{"line":152,"column":1}}]},"23":{"line":156,"type":"binary-expr","locations":[{"start":{"line":156,"column":16},"end":{"line":156,"column":25}},{"start":{"line":156,"column":29},"end":{"line":156,"column":50}}]},"24":{"line":157,"type":"if","locations":[{"start":{"line":157,"column":4},"end":{"line":157,"column":4}},{"start":{"line":157,"column":4},"end":{"line":157,"column":4}}]}},"code":["'use strict';","","var _extends = Object.assign || function (target) { for (var i = 1; i < arguments.length; i++) { var source = arguments[i]; for (var key in source) { if (Object.prototype.hasOwnProperty.call(source, key)) { target[key] = source[key]; } } } return target; };","","var _glob = require('glob-to-regexp');","var _express = require('path-to-regexp');","","var stringMatchers = {","\tbegin: function begin(targetString) {","\t\treturn function (url) {","\t\t\treturn url.indexOf(targetString) === 0;","\t\t};","\t},","\tend: function end(targetString) {","\t\treturn function (url) {","\t\t\treturn url.substr(-targetString.length) === targetString;","\t\t};","\t},","\tglob: function glob(targetString) {","\t\tvar urlRX = _glob(targetString.replace(/^glob:/, ''));","\t\treturn function (url) {","\t\t\treturn urlRX.test(url);","\t\t};","\t},","\texpress: function express(targetString) {","\t\tvar urlRX = _express(targetString.replace(/^express:/, ''));","\t\treturn function (url) {","\t\t\treturn urlRX.test(url);","\t\t};","\t}","};","","function getHeaderMatcher(expectedHeaders) {","\tvar expectation = Object.keys(expectedHeaders).map(function (k) {","\t\treturn { key: k.toLowerCase(), val: expectedHeaders[k] };","\t});","\treturn function (headers) {","\t\tif (!headers) {","\t\t\theaders = {};","\t\t}","\t\tvar lowerCaseHeaders = Object.keys(headers).reduce(function (obj, k) {","\t\t\tobj[k.toLowerCase()] = headers[k];","\t\t\treturn obj;","\t\t}, {});","\t\treturn expectation.every(function (header) {","\t\t\treturn lowerCaseHeaders[header.key] === header.val;","\t\t});","\t};","}","","function normalizeRequest(url, options, Request) {","\tif (Request.prototype.isPrototypeOf(url)) {","\t\treturn {","\t\t\turl: url.url,","\t\t\tmethod: url.method,","\t\t\theaders: function () {","\t\t\t\tvar headers = {};","\t\t\t\turl.headers.forEach(function (name) {","\t\t\t\t\treturn headers[name] = url.headers.name;","\t\t\t\t});","\t\t\t\treturn headers;","\t\t\t}()","\t\t};","\t} else {","\t\treturn {","\t\t\turl: url,","\t\t\tmethod: options && options.method || 'GET',","\t\t\theaders: options && options.headers","\t\t};","\t}","}","","module.exports = function (route, Request) {","\troute = _extends({}, route);","","\tif (typeof route.response === 'undefined') {","\t\tthrow new Error('Each route must define a response');","\t}","","\tif (!route.matcher) {","\t\tthrow new Error('each route must specify a string, regex or function to match calls to fetch');","\t}","","\tif (!route.name) {","\t\troute.name = route.matcher.toString();","\t\troute.__unnamed = true;","\t}","","\t// If user has provided a function as a matcher we assume they are handling all the","\t// matching logic they need","\tif (typeof route.matcher === 'function') {","\t\treturn route;","\t}","","\tvar expectedMethod = route.method && route.method.toLowerCase();","","\tfunction matchMethod(method) {","\t\treturn !expectedMethod || expectedMethod === (method ? method.toLowerCase() : 'get');","\t};","","\tvar matchHeaders = route.headers ? getHeaderMatcher(route.headers) : function () {","\t\treturn true;","\t};","","\tvar matchUrl = void 0;","","\tif (typeof route.matcher === 'string') {","","\t\tObject.keys(stringMatchers).some(function (name) {","\t\t\tif (route.matcher.indexOf(name + ':') === 0) {","\t\t\t\tvar url = route.matcher.replace(new RegExp('^' + name + ':'), '');","\t\t\t\tmatchUrl = stringMatchers[name](url);","\t\t\t\treturn true;","\t\t\t}","\t\t});","\t\tif (!matchUrl) {","\t\t\tif (route.matcher === '*') {","\t\t\t\tmatchUrl = function matchUrl() {","\t\t\t\t\treturn true;","\t\t\t\t};","\t\t\t} else if (route.matcher.indexOf('^') === 0) {","\t\t\t\t(function () {","\t\t\t\t\tconsole.warn('Using \\'^\\' to denote the start of a url is deprecated. Use \\'begin:\\' instead');","\t\t\t\t\tvar expectedUrl = route.matcher.substr(1);","\t\t\t\t\tmatchUrl = function matchUrl(url) {","\t\t\t\t\t\treturn url.indexOf(expectedUrl) === 0;","\t\t\t\t\t};","\t\t\t\t})();","\t\t\t} else {","\t\t\t\t(function () {","\t\t\t\t\tvar expectedUrl = route.matcher;","\t\t\t\t\tmatchUrl = function matchUrl(url) {","\t\t\t\t\t\treturn url === expectedUrl;","\t\t\t\t\t};","\t\t\t\t})();","\t\t\t}","\t\t}","\t} else if (route.matcher instanceof RegExp) {","\t\t(function () {","\t\t\tvar urlRX = route.matcher;","\t\t\tmatchUrl = function matchUrl(url) {","\t\t\t\treturn urlRX.test(url);","\t\t\t};","\t\t})();","\t}","","\tvar matcher = function matcher(url, options) {","\t\tvar req = normalizeRequest(url, options, Request);","\t\treturn matchHeaders(req.headers) && matchMethod(req.method) && matchUrl(req.url);","\t};","","\tif (route.times) {","\t\t(function () {","\t\t\tvar timesLeft = route.times;","\t\t\troute.matcher = function (url, options) {","\t\t\t\tvar match = timesLeft && matcher(url, options);","\t\t\t\tif (match) {","\t\t\t\t\ttimesLeft--;","\t\t\t\t\treturn true;","\t\t\t\t}","\t\t\t};","\t\t\troute.reset = function () {","\t\t\t\treturn timesLeft = route.times;","\t\t\t};","\t\t})();","\t} else {","\t\troute.matcher = matcher;","\t}","","\treturn route;","};"],"l":{"3":1,"5":1,"6":1,"8":1,"10":0,"11":0,"15":0,"16":0,"20":0,"21":0,"22":0,"26":0,"27":0,"28":0,"33":1,"34":0,"35":0,"37":0,"38":0,"39":0,"41":0,"42":0,"43":0,"45":0,"46":0,"51":1,"52":0,"53":0,"57":0,"58":0,"59":0,"61":0,"65":0,"73":1,"74":0,"76":0,"77":0,"80":0,"81":0,"84":0,"85":0,"86":0,"91":0,"92":0,"95":0,"97":1,"98":0,"101":0,"102":0,"105":0,"107":0,"109":0,"110":0,"111":0,"112":0,"113":0,"116":0,"117":0,"118":0,"119":0,"121":0,"122":0,"123":0,"124":0,"125":0,"126":0,"130":0,"131":0,"132":0,"133":0,"138":0,"139":0,"140":0,"141":0,"142":0,"147":0,"148":0,"149":0,"152":0,"153":0,"154":0,"155":0,"156":0,"157":0,"158":0,"159":0,"162":0,"163":0,"167":0,"170":0}},"/home/travis/build/npmtest/node-npmtest-fetch-mock/node_modules/fetch-mock/es5/status-text.js":{"path":"/home/travis/build/npmtest/node-npmtest-fetch-mock/node_modules/fetch-mock/es5/status-text.js","s":{"1":1,"2":1},"b":{},"f":{},"fnMap":{},"statementMap":{"1":{"start":{"line":3,"column":0},"end":{"line":66,"column":2}},"2":{"start":{"line":68,"column":0},"end":{"line":68,"column":31}}},"branchMap":{},"code":["'use strict';","","var statusTextMap = {","  '100': 'Continue',","  '101': 'Switching Protocols',","  '102': 'Processing',","  '200': 'OK',","  '201': 'Created',","  '202': 'Accepted',","  '203': 'Non-Authoritative Information',","  '204': 'No Content',","  '205': 'Reset Content',","  '206': 'Partial Content',","  '207': 'Multi-Status',","  '208': 'Already Reported',","  '226': 'IM Used',","  '300': 'Multiple Choices',","  '301': 'Moved Permanently',","  '302': 'Found',","  '303': 'See Other',","  '304': 'Not Modified',","  '305': 'Use Proxy',","  '307': 'Temporary Redirect',","  '308': 'Permanent Redirect',","  '400': 'Bad Request',","  '401': 'Unauthorized',","  '402': 'Payment Required',","  '403': 'Forbidden',","  '404': 'Not Found',","  '405': 'Method Not Allowed',","  '406': 'Not Acceptable',","  '407': 'Proxy Authentication Required',","  '408': 'Request Timeout',","  '409': 'Conflict',","  '410': 'Gone',","  '411': 'Length Required',","  '412': 'Precondition Failed',","  '413': 'Payload Too Large',","  '414': 'URI Too Long',","  '415': 'Unsupported Media Type',","  '416': 'Range Not Satisfiable',","  '417': 'Expectation Failed',","  '418': 'I\\'m a teapot',","  '421': 'Misdirected Request',","  '422': 'Unprocessable Entity',","  '423': 'Locked',","  '424': 'Failed Dependency',","  '425': 'Unordered Collection',","  '426': 'Upgrade Required',","  '428': 'Precondition Required',","  '429': 'Too Many Requests',","  '431': 'Request Header Fields Too Large',","  '451': 'Unavailable For Legal Reasons',","  '500': 'Internal Server Error',","  '501': 'Not Implemented',","  '502': 'Bad Gateway',","  '503': 'Service Unavailable',","  '504': 'Gateway Timeout',","  '505': 'HTTP Version Not Supported',","  '506': 'Variant Also Negotiates',","  '507': 'Insufficient Storage',","  '508': 'Loop Detected',","  '509': 'Bandwidth Limit Exceeded',","  '510': 'Not Extended',","  '511': 'Network Authentication Required'","};","","module.exports = statusTextMap;"],"l":{"3":1,"68":1}},"/home/travis/build/npmtest/node-npmtest-fetch-mock/node_modules/fetch-mock/es5/server.js":{"path":"/home/travis/build/npmtest/node-npmtest-fetch-mock/node_modules/fetch-mock/es5/server.js","s":{"1":1,"2":1,"3":1,"4":1,"5":1,"6":1,"7":1,"8":1,"9":1,"10":1,"11":1,"12":1},"b":{},"f":{},"fnMap":{},"statementMap":{"1":{"start":{"line":3,"column":0},"end":{"line":3,"column":34}},"2":{"start":{"line":4,"column":0},"end":{"line":4,"column":28}},"3":{"start":{"line":5,"column":0},"end":{"line":5,"column":30}},"4":{"start":{"line":6,"column":0},"end":{"line":6,"column":28}},"5":{"start":{"line":7,"column":0},"end":{"line":7,"column":31}},"6":{"start":{"line":8,"column":0},"end":{"line":8,"column":40}},"7":{"start":{"line":9,"column":0},"end":{"line":9,"column":27}},"8":{"start":{"line":11,"column":0},"end":{"line":11,"column":26}},"9":{"start":{"line":12,"column":0},"end":{"line":12,"column":44}},"10":{"start":{"line":13,"column":0},"end":{"line":13,"column":26}},"11":{"start":{"line":15,"column":0},"end":{"line":20,"column":3}},"12":{"start":{"line":22,"column":0},"end":{"line":22,"column":33}}},"branchMap":{},"code":["'use strict';","","var fetch = require('node-fetch');","var Request = fetch.Request;","var Response = fetch.Response;","var Headers = fetch.Headers;","var stream = require('stream');","var FetchMock = require('./fetch-mock');","var http = require('http');","","FetchMock.global = global;","FetchMock.statusTextMap = http.STATUS_CODES;","FetchMock.stream = stream;","","FetchMock.setImplementations({","\tPromise: Promise,","\tRequest: Request,","\tResponse: Response,","\tHeaders: Headers","});","","module.exports = new FetchMock();"],"l":{"3":1,"4":1,"5":1,"6":1,"7":1,"8":1,"9":1,"11":1,"12":1,"13":1,"15":1,"22":1}},"/home/travis/build/npmtest/node-npmtest-fetch-mock/node_modules/fetch-mock/src/client.js":{"path":"/home/travis/build/npmtest/node-npmtest-fetch-mock/node_modules/fetch-mock/src/client.js","s":{"1":2,"2":2,"3":2,"4":0,"5":0,"6":0,"7":0},"b":{"1":[0,2]},"f":{},"fnMap":{},"statementMap":{"1":{"start":{"line":3,"column":0},"end":{"line":3,"column":42}},"2":{"start":{"line":4,"column":0},"end":{"line":4,"column":47}},"3":{"start":{"line":5,"column":0},"end":{"line":5,"column":64}},"4":{"start":{"line":7,"column":0},"end":{"line":7,"column":29}},"5":{"start":{"line":8,"column":0},"end":{"line":8,"column":40}},"6":{"start":{"line":10,"column":0},"end":{"line":15,"column":3}},"7":{"start":{"line":17,"column":0},"end":{"line":17,"column":32}}},"branchMap":{"1":{"line":5,"type":"cond-expr","locations":[{"start":{"line":5,"column":50},"end":{"line":5,"column":56}},{"start":{"line":5,"column":59},"end":{"line":5,"column":63}}]}},"code":["'use strict';","","const FetchMock = require('./fetch-mock');","const statusTextMap = require('./status-text');","const theGlobal = typeof window !== 'undefined' ? window : self;","","FetchMock.global = theGlobal;","FetchMock.statusTextMap = statusTextMap;","","FetchMock.setImplementations({","\tPromise: theGlobal.Promise,","\tRequest: theGlobal.Request,","\tResponse: theGlobal.Response,","\tHeaders: theGlobal.Headers","});","","module.exports = new FetchMock()"],"l":{"3":2,"4":2,"5":2,"7":0,"8":0,"10":0,"17":0}},"/home/travis/build/npmtest/node-npmtest-fetch-mock/node_modules/fetch-mock/src/status-text.js":{"path":"/home/travis/build/npmtest/node-npmtest-fetch-mock/node_modules/fetch-mock/src/status-text.js","s":{"1":1,"2":1},"b":{},"f":{},"fnMap":{},"statementMap":{"1":{"start":{"line":3,"column":0},"end":{"line":66,"column":2}},"2":{"start":{"line":68,"column":0},"end":{"line":68,"column":31}}},"branchMap":{},"code":["'use strict';","","const statusTextMap = {","  '100': 'Continue',","  '101': 'Switching Protocols',","  '102': 'Processing',","  '200': 'OK',","  '201': 'Created',","  '202': 'Accepted',","  '203': 'Non-Authoritative Information',","  '204': 'No Content',","  '205': 'Reset Content',","  '206': 'Partial Content',","  '207': 'Multi-Status',","  '208': 'Already Reported',","  '226': 'IM Used',","  '300': 'Multiple Choices',","  '301': 'Moved Permanently',","  '302': 'Found',","  '303': 'See Other',","  '304': 'Not Modified',","  '305': 'Use Proxy',","  '307': 'Temporary Redirect',","  '308': 'Permanent Redirect',","  '400': 'Bad Request',","  '401': 'Unauthorized',","  '402': 'Payment Required',","  '403': 'Forbidden',","  '404': 'Not Found',","  '405': 'Method Not Allowed',","  '406': 'Not Acceptable',","  '407': 'Proxy Authentication Required',","  '408': 'Request Timeout',","  '409': 'Conflict',","  '410': 'Gone',","  '411': 'Length Required',","  '412': 'Precondition Failed',","  '413': 'Payload Too Large',","  '414': 'URI Too Long',","  '415': 'Unsupported Media Type',","  '416': 'Range Not Satisfiable',","  '417': 'Expectation Failed',","  '418': 'I\\'m a teapot',","  '421': 'Misdirected Request',","  '422': 'Unprocessable Entity',","  '423': 'Locked',","  '424': 'Failed Dependency',","  '425': 'Unordered Collection',","  '426': 'Upgrade Required',","  '428': 'Precondition Required',","  '429': 'Too Many Requests',","  '431': 'Request Header Fields Too Large',","  '451': 'Unavailable For Legal Reasons',","  '500': 'Internal Server Error',","  '501': 'Not Implemented',","  '502': 'Bad Gateway',","  '503': 'Service Unavailable',","  '504': 'Gateway Timeout',","  '505': 'HTTP Version Not Supported',","  '506': 'Variant Also Negotiates',","  '507': 'Insufficient Storage',","  '508': 'Loop Detected',","  '509': 'Bandwidth Limit Exceeded',","  '510': 'Not Extended',","  '511': 'Network Authentication Required'","};","","module.exports = statusTextMap;",""],"l":{"3":1,"68":1}}}